                                      1 ;--------------------------------------------------------
                                      2 ; File Created by SDCC : free open source ANSI-C Compiler
                                      3 ; Version 3.8.4 #10766 (Linux)
                                      4 ;--------------------------------------------------------
                                      5 	.module stm8s_clk
                                      6 	.optsdcc -mstm8
                                      7 	
                                      8 ;--------------------------------------------------------
                                      9 ; Public variables in this module
                                     10 ;--------------------------------------------------------
                                     11 	.globl _CLKPrescTable
                                     12 	.globl _HSIDivFactor
                                     13 	.globl _CLK_DeInit
                                     14 	.globl _CLK_FastHaltWakeUpCmd
                                     15 	.globl _CLK_HSECmd
                                     16 	.globl _CLK_HSICmd
                                     17 	.globl _CLK_LSICmd
                                     18 	.globl _CLK_CCOCmd
                                     19 	.globl _CLK_ClockSwitchCmd
                                     20 	.globl _CLK_SlowActiveHaltWakeUpCmd
                                     21 	.globl _CLK_PeripheralClockConfig
                                     22 	.globl _CLK_ClockSwitchConfig
                                     23 	.globl _CLK_HSIPrescalerConfig
                                     24 	.globl _CLK_CCOConfig
                                     25 	.globl _CLK_ITConfig
                                     26 	.globl _CLK_SYSCLKConfig
                                     27 	.globl _CLK_SWIMConfig
                                     28 	.globl _CLK_ClockSecuritySystemEnable
                                     29 	.globl _CLK_GetSYSCLKSource
                                     30 	.globl _CLK_GetClockFreq
                                     31 	.globl _CLK_AdjustHSICalibrationValue
                                     32 	.globl _CLK_SYSCLKEmergencyClear
                                     33 	.globl _CLK_GetFlagStatus
                                     34 	.globl _CLK_GetITStatus
                                     35 	.globl _CLK_ClearITPendingBit
                                     36 ;--------------------------------------------------------
                                     37 ; ram data
                                     38 ;--------------------------------------------------------
                                     39 	.area DATA
                                     40 ;--------------------------------------------------------
                                     41 ; ram data
                                     42 ;--------------------------------------------------------
                                     43 	.area INITIALIZED
                                     44 ;--------------------------------------------------------
                                     45 ; absolute external ram data
                                     46 ;--------------------------------------------------------
                                     47 	.area DABS (ABS)
                                     48 
                                     49 ; default segment ordering for linker
                                     50 	.area HOME
                                     51 	.area GSINIT
                                     52 	.area GSFINAL
                                     53 	.area CONST
                                     54 	.area INITIALIZER
                                     55 	.area CODE
                                     56 
                                     57 ;--------------------------------------------------------
                                     58 ; global & static initialisations
                                     59 ;--------------------------------------------------------
                                     60 	.area HOME
                                     61 	.area GSINIT
                                     62 	.area GSFINAL
                                     63 	.area GSINIT
                                     64 ;--------------------------------------------------------
                                     65 ; Home
                                     66 ;--------------------------------------------------------
                                     67 	.area HOME
                                     68 	.area HOME
                                     69 ;--------------------------------------------------------
                                     70 ; code
                                     71 ;--------------------------------------------------------
                                     72 	.area CODE
                                     73 ;	/home/de4m/.platformio/packages/framework-ststm8spl/Libraries/STM8S_StdPeriph_Driver/src/stm8s_clk.c: 72: void CLK_DeInit(void)
                                     74 ;	-----------------------------------------
                                     75 ;	 function CLK_DeInit
                                     76 ;	-----------------------------------------
      000000                         77 _CLK_DeInit:
                                     78 ;	/home/de4m/.platformio/packages/framework-ststm8spl/Libraries/STM8S_StdPeriph_Driver/src/stm8s_clk.c: 74: CLK->ICKR = CLK_ICKR_RESET_VALUE;
      000000 35 01 50 C0      [ 1]   79 	mov	0x50c0+0, #0x01
                                     80 ;	/home/de4m/.platformio/packages/framework-ststm8spl/Libraries/STM8S_StdPeriph_Driver/src/stm8s_clk.c: 75: CLK->ECKR = CLK_ECKR_RESET_VALUE;
      000004 35 00 50 C1      [ 1]   81 	mov	0x50c1+0, #0x00
                                     82 ;	/home/de4m/.platformio/packages/framework-ststm8spl/Libraries/STM8S_StdPeriph_Driver/src/stm8s_clk.c: 76: CLK->SWR  = CLK_SWR_RESET_VALUE;
      000008 35 E1 50 C4      [ 1]   83 	mov	0x50c4+0, #0xe1
                                     84 ;	/home/de4m/.platformio/packages/framework-ststm8spl/Libraries/STM8S_StdPeriph_Driver/src/stm8s_clk.c: 77: CLK->SWCR = CLK_SWCR_RESET_VALUE;
      00000C 35 00 50 C5      [ 1]   85 	mov	0x50c5+0, #0x00
                                     86 ;	/home/de4m/.platformio/packages/framework-ststm8spl/Libraries/STM8S_StdPeriph_Driver/src/stm8s_clk.c: 78: CLK->CKDIVR = CLK_CKDIVR_RESET_VALUE;
      000010 35 18 50 C6      [ 1]   87 	mov	0x50c6+0, #0x18
                                     88 ;	/home/de4m/.platformio/packages/framework-ststm8spl/Libraries/STM8S_StdPeriph_Driver/src/stm8s_clk.c: 79: CLK->PCKENR1 = CLK_PCKENR1_RESET_VALUE;
      000014 35 FF 50 C7      [ 1]   89 	mov	0x50c7+0, #0xff
                                     90 ;	/home/de4m/.platformio/packages/framework-ststm8spl/Libraries/STM8S_StdPeriph_Driver/src/stm8s_clk.c: 80: CLK->PCKENR2 = CLK_PCKENR2_RESET_VALUE;
      000018 35 FF 50 CA      [ 1]   91 	mov	0x50ca+0, #0xff
                                     92 ;	/home/de4m/.platformio/packages/framework-ststm8spl/Libraries/STM8S_StdPeriph_Driver/src/stm8s_clk.c: 81: CLK->CSSR = CLK_CSSR_RESET_VALUE;
      00001C 35 00 50 C8      [ 1]   93 	mov	0x50c8+0, #0x00
                                     94 ;	/home/de4m/.platformio/packages/framework-ststm8spl/Libraries/STM8S_StdPeriph_Driver/src/stm8s_clk.c: 82: CLK->CCOR = CLK_CCOR_RESET_VALUE;
      000020 35 00 50 C9      [ 1]   95 	mov	0x50c9+0, #0x00
                                     96 ;	/home/de4m/.platformio/packages/framework-ststm8spl/Libraries/STM8S_StdPeriph_Driver/src/stm8s_clk.c: 83: while ((CLK->CCOR & CLK_CCOR_CCOEN)!= 0)
      000024                         97 00101$:
      000024 C6 50 C9         [ 1]   98 	ld	a, 0x50c9
      000027 44               [ 1]   99 	srl	a
      000028 25 FA            [ 1]  100 	jrc	00101$
                                    101 ;	/home/de4m/.platformio/packages/framework-ststm8spl/Libraries/STM8S_StdPeriph_Driver/src/stm8s_clk.c: 85: CLK->CCOR = CLK_CCOR_RESET_VALUE;
      00002A 35 00 50 C9      [ 1]  102 	mov	0x50c9+0, #0x00
                                    103 ;	/home/de4m/.platformio/packages/framework-ststm8spl/Libraries/STM8S_StdPeriph_Driver/src/stm8s_clk.c: 86: CLK->HSITRIMR = CLK_HSITRIMR_RESET_VALUE;
      00002E 35 00 50 CC      [ 1]  104 	mov	0x50cc+0, #0x00
                                    105 ;	/home/de4m/.platformio/packages/framework-ststm8spl/Libraries/STM8S_StdPeriph_Driver/src/stm8s_clk.c: 87: CLK->SWIMCCR = CLK_SWIMCCR_RESET_VALUE;
      000032 35 00 50 CD      [ 1]  106 	mov	0x50cd+0, #0x00
                                    107 ;	/home/de4m/.platformio/packages/framework-ststm8spl/Libraries/STM8S_StdPeriph_Driver/src/stm8s_clk.c: 88: }
      000036 81               [ 4]  108 	ret
                                    109 ;	/home/de4m/.platformio/packages/framework-ststm8spl/Libraries/STM8S_StdPeriph_Driver/src/stm8s_clk.c: 99: void CLK_FastHaltWakeUpCmd(FunctionalState NewState)
                                    110 ;	-----------------------------------------
                                    111 ;	 function CLK_FastHaltWakeUpCmd
                                    112 ;	-----------------------------------------
      000037                        113 _CLK_FastHaltWakeUpCmd:
                                    114 ;	/home/de4m/.platformio/packages/framework-ststm8spl/Libraries/STM8S_StdPeriph_Driver/src/stm8s_clk.c: 107: CLK->ICKR |= CLK_ICKR_FHWU;
      000037 C6 50 C0         [ 1]  115 	ld	a, 0x50c0
                                    116 ;	/home/de4m/.platformio/packages/framework-ststm8spl/Libraries/STM8S_StdPeriph_Driver/src/stm8s_clk.c: 104: if (NewState != DISABLE)
      00003A 0D 03            [ 1]  117 	tnz	(0x03, sp)
      00003C 27 06            [ 1]  118 	jreq	00102$
                                    119 ;	/home/de4m/.platformio/packages/framework-ststm8spl/Libraries/STM8S_StdPeriph_Driver/src/stm8s_clk.c: 107: CLK->ICKR |= CLK_ICKR_FHWU;
      00003E AA 04            [ 1]  120 	or	a, #0x04
      000040 C7 50 C0         [ 1]  121 	ld	0x50c0, a
      000043 81               [ 4]  122 	ret
      000044                        123 00102$:
                                    124 ;	/home/de4m/.platformio/packages/framework-ststm8spl/Libraries/STM8S_StdPeriph_Driver/src/stm8s_clk.c: 112: CLK->ICKR &= (uint8_t)(~CLK_ICKR_FHWU);
      000044 A4 FB            [ 1]  125 	and	a, #0xfb
      000046 C7 50 C0         [ 1]  126 	ld	0x50c0, a
                                    127 ;	/home/de4m/.platformio/packages/framework-ststm8spl/Libraries/STM8S_StdPeriph_Driver/src/stm8s_clk.c: 114: }
      000049 81               [ 4]  128 	ret
                                    129 ;	/home/de4m/.platformio/packages/framework-ststm8spl/Libraries/STM8S_StdPeriph_Driver/src/stm8s_clk.c: 121: void CLK_HSECmd(FunctionalState NewState)
                                    130 ;	-----------------------------------------
                                    131 ;	 function CLK_HSECmd
                                    132 ;	-----------------------------------------
      00004A                        133 _CLK_HSECmd:
                                    134 ;	/home/de4m/.platformio/packages/framework-ststm8spl/Libraries/STM8S_StdPeriph_Driver/src/stm8s_clk.c: 129: CLK->ECKR |= CLK_ECKR_HSEEN;
      00004A C6 50 C1         [ 1]  135 	ld	a, 0x50c1
                                    136 ;	/home/de4m/.platformio/packages/framework-ststm8spl/Libraries/STM8S_StdPeriph_Driver/src/stm8s_clk.c: 126: if (NewState != DISABLE)
      00004D 0D 03            [ 1]  137 	tnz	(0x03, sp)
      00004F 27 06            [ 1]  138 	jreq	00102$
                                    139 ;	/home/de4m/.platformio/packages/framework-ststm8spl/Libraries/STM8S_StdPeriph_Driver/src/stm8s_clk.c: 129: CLK->ECKR |= CLK_ECKR_HSEEN;
      000051 AA 01            [ 1]  140 	or	a, #0x01
      000053 C7 50 C1         [ 1]  141 	ld	0x50c1, a
      000056 81               [ 4]  142 	ret
      000057                        143 00102$:
                                    144 ;	/home/de4m/.platformio/packages/framework-ststm8spl/Libraries/STM8S_StdPeriph_Driver/src/stm8s_clk.c: 134: CLK->ECKR &= (uint8_t)(~CLK_ECKR_HSEEN);
      000057 A4 FE            [ 1]  145 	and	a, #0xfe
      000059 C7 50 C1         [ 1]  146 	ld	0x50c1, a
                                    147 ;	/home/de4m/.platformio/packages/framework-ststm8spl/Libraries/STM8S_StdPeriph_Driver/src/stm8s_clk.c: 136: }
      00005C 81               [ 4]  148 	ret
                                    149 ;	/home/de4m/.platformio/packages/framework-ststm8spl/Libraries/STM8S_StdPeriph_Driver/src/stm8s_clk.c: 143: void CLK_HSICmd(FunctionalState NewState)
                                    150 ;	-----------------------------------------
                                    151 ;	 function CLK_HSICmd
                                    152 ;	-----------------------------------------
      00005D                        153 _CLK_HSICmd:
                                    154 ;	/home/de4m/.platformio/packages/framework-ststm8spl/Libraries/STM8S_StdPeriph_Driver/src/stm8s_clk.c: 151: CLK->ICKR |= CLK_ICKR_HSIEN;
      00005D C6 50 C0         [ 1]  155 	ld	a, 0x50c0
                                    156 ;	/home/de4m/.platformio/packages/framework-ststm8spl/Libraries/STM8S_StdPeriph_Driver/src/stm8s_clk.c: 148: if (NewState != DISABLE)
      000060 0D 03            [ 1]  157 	tnz	(0x03, sp)
      000062 27 06            [ 1]  158 	jreq	00102$
                                    159 ;	/home/de4m/.platformio/packages/framework-ststm8spl/Libraries/STM8S_StdPeriph_Driver/src/stm8s_clk.c: 151: CLK->ICKR |= CLK_ICKR_HSIEN;
      000064 AA 01            [ 1]  160 	or	a, #0x01
      000066 C7 50 C0         [ 1]  161 	ld	0x50c0, a
      000069 81               [ 4]  162 	ret
      00006A                        163 00102$:
                                    164 ;	/home/de4m/.platformio/packages/framework-ststm8spl/Libraries/STM8S_StdPeriph_Driver/src/stm8s_clk.c: 156: CLK->ICKR &= (uint8_t)(~CLK_ICKR_HSIEN);
      00006A A4 FE            [ 1]  165 	and	a, #0xfe
      00006C C7 50 C0         [ 1]  166 	ld	0x50c0, a
                                    167 ;	/home/de4m/.platformio/packages/framework-ststm8spl/Libraries/STM8S_StdPeriph_Driver/src/stm8s_clk.c: 158: }
      00006F 81               [ 4]  168 	ret
                                    169 ;	/home/de4m/.platformio/packages/framework-ststm8spl/Libraries/STM8S_StdPeriph_Driver/src/stm8s_clk.c: 166: void CLK_LSICmd(FunctionalState NewState)
                                    170 ;	-----------------------------------------
                                    171 ;	 function CLK_LSICmd
                                    172 ;	-----------------------------------------
      000070                        173 _CLK_LSICmd:
                                    174 ;	/home/de4m/.platformio/packages/framework-ststm8spl/Libraries/STM8S_StdPeriph_Driver/src/stm8s_clk.c: 174: CLK->ICKR |= CLK_ICKR_LSIEN;
      000070 C6 50 C0         [ 1]  175 	ld	a, 0x50c0
                                    176 ;	/home/de4m/.platformio/packages/framework-ststm8spl/Libraries/STM8S_StdPeriph_Driver/src/stm8s_clk.c: 171: if (NewState != DISABLE)
      000073 0D 03            [ 1]  177 	tnz	(0x03, sp)
      000075 27 06            [ 1]  178 	jreq	00102$
                                    179 ;	/home/de4m/.platformio/packages/framework-ststm8spl/Libraries/STM8S_StdPeriph_Driver/src/stm8s_clk.c: 174: CLK->ICKR |= CLK_ICKR_LSIEN;
      000077 AA 08            [ 1]  180 	or	a, #0x08
      000079 C7 50 C0         [ 1]  181 	ld	0x50c0, a
      00007C 81               [ 4]  182 	ret
      00007D                        183 00102$:
                                    184 ;	/home/de4m/.platformio/packages/framework-ststm8spl/Libraries/STM8S_StdPeriph_Driver/src/stm8s_clk.c: 179: CLK->ICKR &= (uint8_t)(~CLK_ICKR_LSIEN);
      00007D A4 F7            [ 1]  185 	and	a, #0xf7
      00007F C7 50 C0         [ 1]  186 	ld	0x50c0, a
                                    187 ;	/home/de4m/.platformio/packages/framework-ststm8spl/Libraries/STM8S_StdPeriph_Driver/src/stm8s_clk.c: 181: }
      000082 81               [ 4]  188 	ret
                                    189 ;	/home/de4m/.platformio/packages/framework-ststm8spl/Libraries/STM8S_StdPeriph_Driver/src/stm8s_clk.c: 189: void CLK_CCOCmd(FunctionalState NewState)
                                    190 ;	-----------------------------------------
                                    191 ;	 function CLK_CCOCmd
                                    192 ;	-----------------------------------------
      000083                        193 _CLK_CCOCmd:
                                    194 ;	/home/de4m/.platformio/packages/framework-ststm8spl/Libraries/STM8S_StdPeriph_Driver/src/stm8s_clk.c: 197: CLK->CCOR |= CLK_CCOR_CCOEN;
      000083 C6 50 C9         [ 1]  195 	ld	a, 0x50c9
                                    196 ;	/home/de4m/.platformio/packages/framework-ststm8spl/Libraries/STM8S_StdPeriph_Driver/src/stm8s_clk.c: 194: if (NewState != DISABLE)
      000086 0D 03            [ 1]  197 	tnz	(0x03, sp)
      000088 27 06            [ 1]  198 	jreq	00102$
                                    199 ;	/home/de4m/.platformio/packages/framework-ststm8spl/Libraries/STM8S_StdPeriph_Driver/src/stm8s_clk.c: 197: CLK->CCOR |= CLK_CCOR_CCOEN;
      00008A AA 01            [ 1]  200 	or	a, #0x01
      00008C C7 50 C9         [ 1]  201 	ld	0x50c9, a
      00008F 81               [ 4]  202 	ret
      000090                        203 00102$:
                                    204 ;	/home/de4m/.platformio/packages/framework-ststm8spl/Libraries/STM8S_StdPeriph_Driver/src/stm8s_clk.c: 202: CLK->CCOR &= (uint8_t)(~CLK_CCOR_CCOEN);
      000090 A4 FE            [ 1]  205 	and	a, #0xfe
      000092 C7 50 C9         [ 1]  206 	ld	0x50c9, a
                                    207 ;	/home/de4m/.platformio/packages/framework-ststm8spl/Libraries/STM8S_StdPeriph_Driver/src/stm8s_clk.c: 204: }
      000095 81               [ 4]  208 	ret
                                    209 ;	/home/de4m/.platformio/packages/framework-ststm8spl/Libraries/STM8S_StdPeriph_Driver/src/stm8s_clk.c: 213: void CLK_ClockSwitchCmd(FunctionalState NewState)
                                    210 ;	-----------------------------------------
                                    211 ;	 function CLK_ClockSwitchCmd
                                    212 ;	-----------------------------------------
      000096                        213 _CLK_ClockSwitchCmd:
                                    214 ;	/home/de4m/.platformio/packages/framework-ststm8spl/Libraries/STM8S_StdPeriph_Driver/src/stm8s_clk.c: 221: CLK->SWCR |= CLK_SWCR_SWEN;
      000096 C6 50 C5         [ 1]  215 	ld	a, 0x50c5
                                    216 ;	/home/de4m/.platformio/packages/framework-ststm8spl/Libraries/STM8S_StdPeriph_Driver/src/stm8s_clk.c: 218: if (NewState != DISABLE )
      000099 0D 03            [ 1]  217 	tnz	(0x03, sp)
      00009B 27 06            [ 1]  218 	jreq	00102$
                                    219 ;	/home/de4m/.platformio/packages/framework-ststm8spl/Libraries/STM8S_StdPeriph_Driver/src/stm8s_clk.c: 221: CLK->SWCR |= CLK_SWCR_SWEN;
      00009D AA 02            [ 1]  220 	or	a, #0x02
      00009F C7 50 C5         [ 1]  221 	ld	0x50c5, a
      0000A2 81               [ 4]  222 	ret
      0000A3                        223 00102$:
                                    224 ;	/home/de4m/.platformio/packages/framework-ststm8spl/Libraries/STM8S_StdPeriph_Driver/src/stm8s_clk.c: 226: CLK->SWCR &= (uint8_t)(~CLK_SWCR_SWEN);
      0000A3 A4 FD            [ 1]  225 	and	a, #0xfd
      0000A5 C7 50 C5         [ 1]  226 	ld	0x50c5, a
                                    227 ;	/home/de4m/.platformio/packages/framework-ststm8spl/Libraries/STM8S_StdPeriph_Driver/src/stm8s_clk.c: 228: }
      0000A8 81               [ 4]  228 	ret
                                    229 ;	/home/de4m/.platformio/packages/framework-ststm8spl/Libraries/STM8S_StdPeriph_Driver/src/stm8s_clk.c: 238: void CLK_SlowActiveHaltWakeUpCmd(FunctionalState NewState)
                                    230 ;	-----------------------------------------
                                    231 ;	 function CLK_SlowActiveHaltWakeUpCmd
                                    232 ;	-----------------------------------------
      0000A9                        233 _CLK_SlowActiveHaltWakeUpCmd:
                                    234 ;	/home/de4m/.platformio/packages/framework-ststm8spl/Libraries/STM8S_StdPeriph_Driver/src/stm8s_clk.c: 246: CLK->ICKR |= CLK_ICKR_SWUAH;
      0000A9 C6 50 C0         [ 1]  235 	ld	a, 0x50c0
                                    236 ;	/home/de4m/.platformio/packages/framework-ststm8spl/Libraries/STM8S_StdPeriph_Driver/src/stm8s_clk.c: 243: if (NewState != DISABLE)
      0000AC 0D 03            [ 1]  237 	tnz	(0x03, sp)
      0000AE 27 06            [ 1]  238 	jreq	00102$
                                    239 ;	/home/de4m/.platformio/packages/framework-ststm8spl/Libraries/STM8S_StdPeriph_Driver/src/stm8s_clk.c: 246: CLK->ICKR |= CLK_ICKR_SWUAH;
      0000B0 AA 20            [ 1]  240 	or	a, #0x20
      0000B2 C7 50 C0         [ 1]  241 	ld	0x50c0, a
      0000B5 81               [ 4]  242 	ret
      0000B6                        243 00102$:
                                    244 ;	/home/de4m/.platformio/packages/framework-ststm8spl/Libraries/STM8S_StdPeriph_Driver/src/stm8s_clk.c: 251: CLK->ICKR &= (uint8_t)(~CLK_ICKR_SWUAH);
      0000B6 A4 DF            [ 1]  245 	and	a, #0xdf
      0000B8 C7 50 C0         [ 1]  246 	ld	0x50c0, a
                                    247 ;	/home/de4m/.platformio/packages/framework-ststm8spl/Libraries/STM8S_StdPeriph_Driver/src/stm8s_clk.c: 253: }
      0000BB 81               [ 4]  248 	ret
                                    249 ;	/home/de4m/.platformio/packages/framework-ststm8spl/Libraries/STM8S_StdPeriph_Driver/src/stm8s_clk.c: 263: void CLK_PeripheralClockConfig(CLK_Peripheral_TypeDef CLK_Peripheral, FunctionalState NewState)
                                    250 ;	-----------------------------------------
                                    251 ;	 function CLK_PeripheralClockConfig
                                    252 ;	-----------------------------------------
      0000BC                        253 _CLK_PeripheralClockConfig:
      0000BC 89               [ 2]  254 	pushw	x
                                    255 ;	/home/de4m/.platformio/packages/framework-ststm8spl/Libraries/STM8S_StdPeriph_Driver/src/stm8s_clk.c: 274: CLK->PCKENR1 |= (uint8_t)((uint8_t)1 << ((uint8_t)CLK_Peripheral & (uint8_t)0x0F));
      0000BD 7B 05            [ 1]  256 	ld	a, (0x05, sp)
      0000BF A4 0F            [ 1]  257 	and	a, #0x0f
      0000C1 88               [ 1]  258 	push	a
      0000C2 A6 01            [ 1]  259 	ld	a, #0x01
      0000C4 6B 02            [ 1]  260 	ld	(0x02, sp), a
      0000C6 84               [ 1]  261 	pop	a
      0000C7 4D               [ 1]  262 	tnz	a
      0000C8 27 05            [ 1]  263 	jreq	00128$
      0000CA                        264 00127$:
      0000CA 08 01            [ 1]  265 	sll	(0x01, sp)
      0000CC 4A               [ 1]  266 	dec	a
      0000CD 26 FB            [ 1]  267 	jrne	00127$
      0000CF                        268 00128$:
                                    269 ;	/home/de4m/.platformio/packages/framework-ststm8spl/Libraries/STM8S_StdPeriph_Driver/src/stm8s_clk.c: 279: CLK->PCKENR1 &= (uint8_t)(~(uint8_t)(((uint8_t)1 << ((uint8_t)CLK_Peripheral & (uint8_t)0x0F))));
      0000CF 7B 01            [ 1]  270 	ld	a, (0x01, sp)
      0000D1 43               [ 1]  271 	cpl	a
      0000D2 6B 02            [ 1]  272 	ld	(0x02, sp), a
                                    273 ;	/home/de4m/.platformio/packages/framework-ststm8spl/Libraries/STM8S_StdPeriph_Driver/src/stm8s_clk.c: 269: if (((uint8_t)CLK_Peripheral & (uint8_t)0x10) == 0x00)
      0000D4 7B 05            [ 1]  274 	ld	a, (0x05, sp)
      0000D6 A5 10            [ 1]  275 	bcp	a, #0x10
      0000D8 26 15            [ 1]  276 	jrne	00108$
                                    277 ;	/home/de4m/.platformio/packages/framework-ststm8spl/Libraries/STM8S_StdPeriph_Driver/src/stm8s_clk.c: 274: CLK->PCKENR1 |= (uint8_t)((uint8_t)1 << ((uint8_t)CLK_Peripheral & (uint8_t)0x0F));
      0000DA C6 50 C7         [ 1]  278 	ld	a, 0x50c7
                                    279 ;	/home/de4m/.platformio/packages/framework-ststm8spl/Libraries/STM8S_StdPeriph_Driver/src/stm8s_clk.c: 271: if (NewState != DISABLE)
      0000DD 0D 06            [ 1]  280 	tnz	(0x06, sp)
      0000DF 27 07            [ 1]  281 	jreq	00102$
                                    282 ;	/home/de4m/.platformio/packages/framework-ststm8spl/Libraries/STM8S_StdPeriph_Driver/src/stm8s_clk.c: 274: CLK->PCKENR1 |= (uint8_t)((uint8_t)1 << ((uint8_t)CLK_Peripheral & (uint8_t)0x0F));
      0000E1 1A 01            [ 1]  283 	or	a, (0x01, sp)
      0000E3 C7 50 C7         [ 1]  284 	ld	0x50c7, a
      0000E6 20 1A            [ 2]  285 	jra	00110$
      0000E8                        286 00102$:
                                    287 ;	/home/de4m/.platformio/packages/framework-ststm8spl/Libraries/STM8S_StdPeriph_Driver/src/stm8s_clk.c: 279: CLK->PCKENR1 &= (uint8_t)(~(uint8_t)(((uint8_t)1 << ((uint8_t)CLK_Peripheral & (uint8_t)0x0F))));
      0000E8 14 02            [ 1]  288 	and	a, (0x02, sp)
      0000EA C7 50 C7         [ 1]  289 	ld	0x50c7, a
      0000ED 20 13            [ 2]  290 	jra	00110$
      0000EF                        291 00108$:
                                    292 ;	/home/de4m/.platformio/packages/framework-ststm8spl/Libraries/STM8S_StdPeriph_Driver/src/stm8s_clk.c: 287: CLK->PCKENR2 |= (uint8_t)((uint8_t)1 << ((uint8_t)CLK_Peripheral & (uint8_t)0x0F));
      0000EF C6 50 CA         [ 1]  293 	ld	a, 0x50ca
                                    294 ;	/home/de4m/.platformio/packages/framework-ststm8spl/Libraries/STM8S_StdPeriph_Driver/src/stm8s_clk.c: 284: if (NewState != DISABLE)
      0000F2 0D 06            [ 1]  295 	tnz	(0x06, sp)
      0000F4 27 07            [ 1]  296 	jreq	00105$
                                    297 ;	/home/de4m/.platformio/packages/framework-ststm8spl/Libraries/STM8S_StdPeriph_Driver/src/stm8s_clk.c: 287: CLK->PCKENR2 |= (uint8_t)((uint8_t)1 << ((uint8_t)CLK_Peripheral & (uint8_t)0x0F));
      0000F6 1A 01            [ 1]  298 	or	a, (0x01, sp)
      0000F8 C7 50 CA         [ 1]  299 	ld	0x50ca, a
      0000FB 20 05            [ 2]  300 	jra	00110$
      0000FD                        301 00105$:
                                    302 ;	/home/de4m/.platformio/packages/framework-ststm8spl/Libraries/STM8S_StdPeriph_Driver/src/stm8s_clk.c: 292: CLK->PCKENR2 &= (uint8_t)(~(uint8_t)(((uint8_t)1 << ((uint8_t)CLK_Peripheral & (uint8_t)0x0F))));
      0000FD 14 02            [ 1]  303 	and	a, (0x02, sp)
      0000FF C7 50 CA         [ 1]  304 	ld	0x50ca, a
      000102                        305 00110$:
                                    306 ;	/home/de4m/.platformio/packages/framework-ststm8spl/Libraries/STM8S_StdPeriph_Driver/src/stm8s_clk.c: 295: }
      000102 85               [ 2]  307 	popw	x
      000103 81               [ 4]  308 	ret
                                    309 ;	/home/de4m/.platformio/packages/framework-ststm8spl/Libraries/STM8S_StdPeriph_Driver/src/stm8s_clk.c: 309: ErrorStatus CLK_ClockSwitchConfig(CLK_SwitchMode_TypeDef CLK_SwitchMode, CLK_Source_TypeDef CLK_NewClock, FunctionalState ITState, CLK_CurrentClockState_TypeDef CLK_CurrentClockState)
                                    310 ;	-----------------------------------------
                                    311 ;	 function CLK_ClockSwitchConfig
                                    312 ;	-----------------------------------------
      000104                        313 _CLK_ClockSwitchConfig:
                                    314 ;	/home/de4m/.platformio/packages/framework-ststm8spl/Libraries/STM8S_StdPeriph_Driver/src/stm8s_clk.c: 322: clock_master = (CLK_Source_TypeDef)CLK->CMSR;
      000104 C6 50 C3         [ 1]  315 	ld	a, 0x50c3
      000107 90 97            [ 1]  316 	ld	yl, a
                                    317 ;	/home/de4m/.platformio/packages/framework-ststm8spl/Libraries/STM8S_StdPeriph_Driver/src/stm8s_clk.c: 328: CLK->SWCR |= CLK_SWCR_SWEN;
      000109 C6 50 C5         [ 1]  318 	ld	a, 0x50c5
                                    319 ;	/home/de4m/.platformio/packages/framework-ststm8spl/Libraries/STM8S_StdPeriph_Driver/src/stm8s_clk.c: 325: if (CLK_SwitchMode == CLK_SWITCHMODE_AUTO)
      00010C 88               [ 1]  320 	push	a
      00010D 7B 04            [ 1]  321 	ld	a, (0x04, sp)
      00010F 4A               [ 1]  322 	dec	a
      000110 84               [ 1]  323 	pop	a
      000111 26 38            [ 1]  324 	jrne	00122$
                                    325 ;	/home/de4m/.platformio/packages/framework-ststm8spl/Libraries/STM8S_StdPeriph_Driver/src/stm8s_clk.c: 328: CLK->SWCR |= CLK_SWCR_SWEN;
      000113 AA 02            [ 1]  326 	or	a, #0x02
      000115 C7 50 C5         [ 1]  327 	ld	0x50c5, a
      000118 C6 50 C5         [ 1]  328 	ld	a, 0x50c5
                                    329 ;	/home/de4m/.platformio/packages/framework-ststm8spl/Libraries/STM8S_StdPeriph_Driver/src/stm8s_clk.c: 331: if (ITState != DISABLE)
      00011B 0D 05            [ 1]  330 	tnz	(0x05, sp)
      00011D 27 07            [ 1]  331 	jreq	00102$
                                    332 ;	/home/de4m/.platformio/packages/framework-ststm8spl/Libraries/STM8S_StdPeriph_Driver/src/stm8s_clk.c: 333: CLK->SWCR |= CLK_SWCR_SWIEN;
      00011F AA 04            [ 1]  333 	or	a, #0x04
      000121 C7 50 C5         [ 1]  334 	ld	0x50c5, a
      000124 20 05            [ 2]  335 	jra	00103$
      000126                        336 00102$:
                                    337 ;	/home/de4m/.platformio/packages/framework-ststm8spl/Libraries/STM8S_StdPeriph_Driver/src/stm8s_clk.c: 337: CLK->SWCR &= (uint8_t)(~CLK_SWCR_SWIEN);
      000126 A4 FB            [ 1]  338 	and	a, #0xfb
      000128 C7 50 C5         [ 1]  339 	ld	0x50c5, a
      00012B                        340 00103$:
                                    341 ;	/home/de4m/.platformio/packages/framework-ststm8spl/Libraries/STM8S_StdPeriph_Driver/src/stm8s_clk.c: 341: CLK->SWR = (uint8_t)CLK_NewClock;
      00012B AE 50 C4         [ 2]  342 	ldw	x, #0x50c4
      00012E 7B 04            [ 1]  343 	ld	a, (0x04, sp)
      000130 F7               [ 1]  344 	ld	(x), a
                                    345 ;	/home/de4m/.platformio/packages/framework-ststm8spl/Libraries/STM8S_StdPeriph_Driver/src/stm8s_clk.c: 344: while((((CLK->SWCR & CLK_SWCR_SWBSY) != 0 )&& (DownCounter != 0)))
      000131 5F               [ 1]  346 	clrw	x
      000132 5A               [ 2]  347 	decw	x
      000133                        348 00105$:
      000133 C6 50 C5         [ 1]  349 	ld	a, 0x50c5
      000136 44               [ 1]  350 	srl	a
      000137 24 06            [ 1]  351 	jrnc	00107$
      000139 5D               [ 2]  352 	tnzw	x
      00013A 27 03            [ 1]  353 	jreq	00107$
                                    354 ;	/home/de4m/.platformio/packages/framework-ststm8spl/Libraries/STM8S_StdPeriph_Driver/src/stm8s_clk.c: 346: DownCounter--;
      00013C 5A               [ 2]  355 	decw	x
      00013D 20 F4            [ 2]  356 	jra	00105$
      00013F                        357 00107$:
                                    358 ;	/home/de4m/.platformio/packages/framework-ststm8spl/Libraries/STM8S_StdPeriph_Driver/src/stm8s_clk.c: 349: if(DownCounter != 0)
      00013F 5D               [ 2]  359 	tnzw	x
      000140 27 05            [ 1]  360 	jreq	00109$
                                    361 ;	/home/de4m/.platformio/packages/framework-ststm8spl/Libraries/STM8S_StdPeriph_Driver/src/stm8s_clk.c: 351: Swif = SUCCESS;
      000142 A6 01            [ 1]  362 	ld	a, #0x01
      000144 97               [ 1]  363 	ld	xl, a
      000145 20 37            [ 2]  364 	jra	00123$
      000147                        365 00109$:
                                    366 ;	/home/de4m/.platformio/packages/framework-ststm8spl/Libraries/STM8S_StdPeriph_Driver/src/stm8s_clk.c: 355: Swif = ERROR;
      000147 4F               [ 1]  367 	clr	a
      000148 97               [ 1]  368 	ld	xl, a
      000149 20 33            [ 2]  369 	jra	00123$
      00014B                        370 00122$:
                                    371 ;	/home/de4m/.platformio/packages/framework-ststm8spl/Libraries/STM8S_StdPeriph_Driver/src/stm8s_clk.c: 361: if (ITState != DISABLE)
      00014B 0D 05            [ 1]  372 	tnz	(0x05, sp)
      00014D 27 07            [ 1]  373 	jreq	00112$
                                    374 ;	/home/de4m/.platformio/packages/framework-ststm8spl/Libraries/STM8S_StdPeriph_Driver/src/stm8s_clk.c: 363: CLK->SWCR |= CLK_SWCR_SWIEN;
      00014F AA 04            [ 1]  375 	or	a, #0x04
      000151 C7 50 C5         [ 1]  376 	ld	0x50c5, a
      000154 20 05            [ 2]  377 	jra	00113$
      000156                        378 00112$:
                                    379 ;	/home/de4m/.platformio/packages/framework-ststm8spl/Libraries/STM8S_StdPeriph_Driver/src/stm8s_clk.c: 367: CLK->SWCR &= (uint8_t)(~CLK_SWCR_SWIEN);
      000156 A4 FB            [ 1]  380 	and	a, #0xfb
      000158 C7 50 C5         [ 1]  381 	ld	0x50c5, a
      00015B                        382 00113$:
                                    383 ;	/home/de4m/.platformio/packages/framework-ststm8spl/Libraries/STM8S_StdPeriph_Driver/src/stm8s_clk.c: 371: CLK->SWR = (uint8_t)CLK_NewClock;
      00015B AE 50 C4         [ 2]  384 	ldw	x, #0x50c4
      00015E 7B 04            [ 1]  385 	ld	a, (0x04, sp)
      000160 F7               [ 1]  386 	ld	(x), a
                                    387 ;	/home/de4m/.platformio/packages/framework-ststm8spl/Libraries/STM8S_StdPeriph_Driver/src/stm8s_clk.c: 374: while((((CLK->SWCR & CLK_SWCR_SWIF) != 0 ) && (DownCounter != 0)))
      000161 5F               [ 1]  388 	clrw	x
      000162 5A               [ 2]  389 	decw	x
      000163                        390 00115$:
      000163 C6 50 C5         [ 1]  391 	ld	a, 0x50c5
      000166 A5 08            [ 1]  392 	bcp	a, #0x08
      000168 27 06            [ 1]  393 	jreq	00117$
      00016A 5D               [ 2]  394 	tnzw	x
      00016B 27 03            [ 1]  395 	jreq	00117$
                                    396 ;	/home/de4m/.platformio/packages/framework-ststm8spl/Libraries/STM8S_StdPeriph_Driver/src/stm8s_clk.c: 376: DownCounter--;
      00016D 5A               [ 2]  397 	decw	x
      00016E 20 F3            [ 2]  398 	jra	00115$
      000170                        399 00117$:
                                    400 ;	/home/de4m/.platformio/packages/framework-ststm8spl/Libraries/STM8S_StdPeriph_Driver/src/stm8s_clk.c: 379: if(DownCounter != 0)
      000170 5D               [ 2]  401 	tnzw	x
      000171 27 09            [ 1]  402 	jreq	00119$
                                    403 ;	/home/de4m/.platformio/packages/framework-ststm8spl/Libraries/STM8S_StdPeriph_Driver/src/stm8s_clk.c: 382: CLK->SWCR |= CLK_SWCR_SWEN;
      000173 72 12 50 C5      [ 1]  404 	bset	20677, #1
                                    405 ;	/home/de4m/.platformio/packages/framework-ststm8spl/Libraries/STM8S_StdPeriph_Driver/src/stm8s_clk.c: 383: Swif = SUCCESS;
      000177 A6 01            [ 1]  406 	ld	a, #0x01
      000179 97               [ 1]  407 	ld	xl, a
      00017A 20 02            [ 2]  408 	jra	00123$
      00017C                        409 00119$:
                                    410 ;	/home/de4m/.platformio/packages/framework-ststm8spl/Libraries/STM8S_StdPeriph_Driver/src/stm8s_clk.c: 387: Swif = ERROR;
      00017C 4F               [ 1]  411 	clr	a
      00017D 97               [ 1]  412 	ld	xl, a
      00017E                        413 00123$:
                                    414 ;	/home/de4m/.platformio/packages/framework-ststm8spl/Libraries/STM8S_StdPeriph_Driver/src/stm8s_clk.c: 390: if(Swif != ERROR)
      00017E 9F               [ 1]  415 	ld	a, xl
      00017F 4D               [ 1]  416 	tnz	a
      000180 27 2E            [ 1]  417 	jreq	00136$
                                    418 ;	/home/de4m/.platformio/packages/framework-ststm8spl/Libraries/STM8S_StdPeriph_Driver/src/stm8s_clk.c: 393: if((CLK_CurrentClockState == CLK_CURRENTCLOCKSTATE_DISABLE) && ( clock_master == CLK_SOURCE_HSI))
      000182 0D 06            [ 1]  419 	tnz	(0x06, sp)
      000184 26 0C            [ 1]  420 	jrne	00132$
      000186 90 9F            [ 1]  421 	ld	a, yl
      000188 A1 E1            [ 1]  422 	cp	a, #0xe1
      00018A 26 06            [ 1]  423 	jrne	00132$
                                    424 ;	/home/de4m/.platformio/packages/framework-ststm8spl/Libraries/STM8S_StdPeriph_Driver/src/stm8s_clk.c: 395: CLK->ICKR &= (uint8_t)(~CLK_ICKR_HSIEN);
      00018C 72 11 50 C0      [ 1]  425 	bres	20672, #0
      000190 20 1E            [ 2]  426 	jra	00136$
      000192                        427 00132$:
                                    428 ;	/home/de4m/.platformio/packages/framework-ststm8spl/Libraries/STM8S_StdPeriph_Driver/src/stm8s_clk.c: 397: else if((CLK_CurrentClockState == CLK_CURRENTCLOCKSTATE_DISABLE) && ( clock_master == CLK_SOURCE_LSI))
      000192 0D 06            [ 1]  429 	tnz	(0x06, sp)
      000194 26 0C            [ 1]  430 	jrne	00128$
      000196 90 9F            [ 1]  431 	ld	a, yl
      000198 A1 D2            [ 1]  432 	cp	a, #0xd2
      00019A 26 06            [ 1]  433 	jrne	00128$
                                    434 ;	/home/de4m/.platformio/packages/framework-ststm8spl/Libraries/STM8S_StdPeriph_Driver/src/stm8s_clk.c: 399: CLK->ICKR &= (uint8_t)(~CLK_ICKR_LSIEN);
      00019C 72 17 50 C0      [ 1]  435 	bres	20672, #3
      0001A0 20 0E            [ 2]  436 	jra	00136$
      0001A2                        437 00128$:
                                    438 ;	/home/de4m/.platformio/packages/framework-ststm8spl/Libraries/STM8S_StdPeriph_Driver/src/stm8s_clk.c: 401: else if ((CLK_CurrentClockState == CLK_CURRENTCLOCKSTATE_DISABLE) && ( clock_master == CLK_SOURCE_HSE))
      0001A2 0D 06            [ 1]  439 	tnz	(0x06, sp)
      0001A4 26 0A            [ 1]  440 	jrne	00136$
      0001A6 90 9F            [ 1]  441 	ld	a, yl
      0001A8 A1 B4            [ 1]  442 	cp	a, #0xb4
      0001AA 26 04            [ 1]  443 	jrne	00136$
                                    444 ;	/home/de4m/.platformio/packages/framework-ststm8spl/Libraries/STM8S_StdPeriph_Driver/src/stm8s_clk.c: 403: CLK->ECKR &= (uint8_t)(~CLK_ECKR_HSEEN);
      0001AC 72 11 50 C1      [ 1]  445 	bres	20673, #0
      0001B0                        446 00136$:
                                    447 ;	/home/de4m/.platformio/packages/framework-ststm8spl/Libraries/STM8S_StdPeriph_Driver/src/stm8s_clk.c: 406: return(Swif);
      0001B0 9F               [ 1]  448 	ld	a, xl
                                    449 ;	/home/de4m/.platformio/packages/framework-ststm8spl/Libraries/STM8S_StdPeriph_Driver/src/stm8s_clk.c: 407: }
      0001B1 81               [ 4]  450 	ret
                                    451 ;	/home/de4m/.platformio/packages/framework-ststm8spl/Libraries/STM8S_StdPeriph_Driver/src/stm8s_clk.c: 415: void CLK_HSIPrescalerConfig(CLK_Prescaler_TypeDef HSIPrescaler)
                                    452 ;	-----------------------------------------
                                    453 ;	 function CLK_HSIPrescalerConfig
                                    454 ;	-----------------------------------------
      0001B2                        455 _CLK_HSIPrescalerConfig:
                                    456 ;	/home/de4m/.platformio/packages/framework-ststm8spl/Libraries/STM8S_StdPeriph_Driver/src/stm8s_clk.c: 421: CLK->CKDIVR &= (uint8_t)(~CLK_CKDIVR_HSIDIV);
      0001B2 C6 50 C6         [ 1]  457 	ld	a, 0x50c6
      0001B5 A4 E7            [ 1]  458 	and	a, #0xe7
      0001B7 C7 50 C6         [ 1]  459 	ld	0x50c6, a
                                    460 ;	/home/de4m/.platformio/packages/framework-ststm8spl/Libraries/STM8S_StdPeriph_Driver/src/stm8s_clk.c: 424: CLK->CKDIVR |= (uint8_t)HSIPrescaler;
      0001BA C6 50 C6         [ 1]  461 	ld	a, 0x50c6
      0001BD 1A 03            [ 1]  462 	or	a, (0x03, sp)
      0001BF C7 50 C6         [ 1]  463 	ld	0x50c6, a
                                    464 ;	/home/de4m/.platformio/packages/framework-ststm8spl/Libraries/STM8S_StdPeriph_Driver/src/stm8s_clk.c: 425: }
      0001C2 81               [ 4]  465 	ret
                                    466 ;	/home/de4m/.platformio/packages/framework-ststm8spl/Libraries/STM8S_StdPeriph_Driver/src/stm8s_clk.c: 436: void CLK_CCOConfig(CLK_Output_TypeDef CLK_CCO)
                                    467 ;	-----------------------------------------
                                    468 ;	 function CLK_CCOConfig
                                    469 ;	-----------------------------------------
      0001C3                        470 _CLK_CCOConfig:
                                    471 ;	/home/de4m/.platformio/packages/framework-ststm8spl/Libraries/STM8S_StdPeriph_Driver/src/stm8s_clk.c: 442: CLK->CCOR &= (uint8_t)(~CLK_CCOR_CCOSEL);
      0001C3 C6 50 C9         [ 1]  472 	ld	a, 0x50c9
      0001C6 A4 E1            [ 1]  473 	and	a, #0xe1
      0001C8 C7 50 C9         [ 1]  474 	ld	0x50c9, a
                                    475 ;	/home/de4m/.platformio/packages/framework-ststm8spl/Libraries/STM8S_StdPeriph_Driver/src/stm8s_clk.c: 445: CLK->CCOR |= (uint8_t)CLK_CCO;
      0001CB C6 50 C9         [ 1]  476 	ld	a, 0x50c9
      0001CE 1A 03            [ 1]  477 	or	a, (0x03, sp)
      0001D0 C7 50 C9         [ 1]  478 	ld	0x50c9, a
                                    479 ;	/home/de4m/.platformio/packages/framework-ststm8spl/Libraries/STM8S_StdPeriph_Driver/src/stm8s_clk.c: 448: CLK->CCOR |= CLK_CCOR_CCOEN;
      0001D3 72 10 50 C9      [ 1]  480 	bset	20681, #0
                                    481 ;	/home/de4m/.platformio/packages/framework-ststm8spl/Libraries/STM8S_StdPeriph_Driver/src/stm8s_clk.c: 449: }
      0001D7 81               [ 4]  482 	ret
                                    483 ;	/home/de4m/.platformio/packages/framework-ststm8spl/Libraries/STM8S_StdPeriph_Driver/src/stm8s_clk.c: 459: void CLK_ITConfig(CLK_IT_TypeDef CLK_IT, FunctionalState NewState)
                                    484 ;	-----------------------------------------
                                    485 ;	 function CLK_ITConfig
                                    486 ;	-----------------------------------------
      0001D8                        487 _CLK_ITConfig:
      0001D8 88               [ 1]  488 	push	a
                                    489 ;	/home/de4m/.platformio/packages/framework-ststm8spl/Libraries/STM8S_StdPeriph_Driver/src/stm8s_clk.c: 467: switch (CLK_IT)
      0001D9 7B 04            [ 1]  490 	ld	a, (0x04, sp)
      0001DB A0 0C            [ 1]  491 	sub	a, #0x0c
      0001DD 26 04            [ 1]  492 	jrne	00140$
      0001DF 4C               [ 1]  493 	inc	a
      0001E0 6B 01            [ 1]  494 	ld	(0x01, sp), a
      0001E2 C1                     495 	.byte 0xc1
      0001E3                        496 00140$:
      0001E3 0F 01            [ 1]  497 	clr	(0x01, sp)
      0001E5                        498 00141$:
      0001E5 7B 04            [ 1]  499 	ld	a, (0x04, sp)
      0001E7 A0 1C            [ 1]  500 	sub	a, #0x1c
      0001E9 26 02            [ 1]  501 	jrne	00143$
      0001EB 4C               [ 1]  502 	inc	a
      0001EC 21                     503 	.byte 0x21
      0001ED                        504 00143$:
      0001ED 4F               [ 1]  505 	clr	a
      0001EE                        506 00144$:
                                    507 ;	/home/de4m/.platformio/packages/framework-ststm8spl/Libraries/STM8S_StdPeriph_Driver/src/stm8s_clk.c: 465: if (NewState != DISABLE)
      0001EE 0D 05            [ 1]  508 	tnz	(0x05, sp)
      0001F0 27 13            [ 1]  509 	jreq	00110$
                                    510 ;	/home/de4m/.platformio/packages/framework-ststm8spl/Libraries/STM8S_StdPeriph_Driver/src/stm8s_clk.c: 467: switch (CLK_IT)
      0001F2 0D 01            [ 1]  511 	tnz	(0x01, sp)
      0001F4 26 09            [ 1]  512 	jrne	00102$
      0001F6 4D               [ 1]  513 	tnz	a
      0001F7 27 1D            [ 1]  514 	jreq	00112$
                                    515 ;	/home/de4m/.platformio/packages/framework-ststm8spl/Libraries/STM8S_StdPeriph_Driver/src/stm8s_clk.c: 470: CLK->SWCR |= CLK_SWCR_SWIEN;
      0001F9 72 14 50 C5      [ 1]  516 	bset	20677, #2
                                    517 ;	/home/de4m/.platformio/packages/framework-ststm8spl/Libraries/STM8S_StdPeriph_Driver/src/stm8s_clk.c: 471: break;
      0001FD 20 17            [ 2]  518 	jra	00112$
                                    519 ;	/home/de4m/.platformio/packages/framework-ststm8spl/Libraries/STM8S_StdPeriph_Driver/src/stm8s_clk.c: 472: case CLK_IT_CSSD: /* Enable the clock security system detection interrupt */
      0001FF                        520 00102$:
                                    521 ;	/home/de4m/.platformio/packages/framework-ststm8spl/Libraries/STM8S_StdPeriph_Driver/src/stm8s_clk.c: 473: CLK->CSSR |= CLK_CSSR_CSSDIE;
      0001FF 72 14 50 C8      [ 1]  522 	bset	20680, #2
                                    523 ;	/home/de4m/.platformio/packages/framework-ststm8spl/Libraries/STM8S_StdPeriph_Driver/src/stm8s_clk.c: 474: break;
      000203 20 11            [ 2]  524 	jra	00112$
                                    525 ;	/home/de4m/.platformio/packages/framework-ststm8spl/Libraries/STM8S_StdPeriph_Driver/src/stm8s_clk.c: 477: }
      000205                        526 00110$:
                                    527 ;	/home/de4m/.platformio/packages/framework-ststm8spl/Libraries/STM8S_StdPeriph_Driver/src/stm8s_clk.c: 481: switch (CLK_IT)
      000205 0D 01            [ 1]  528 	tnz	(0x01, sp)
      000207 26 09            [ 1]  529 	jrne	00106$
      000209 4D               [ 1]  530 	tnz	a
      00020A 27 0A            [ 1]  531 	jreq	00112$
                                    532 ;	/home/de4m/.platformio/packages/framework-ststm8spl/Libraries/STM8S_StdPeriph_Driver/src/stm8s_clk.c: 484: CLK->SWCR  &= (uint8_t)(~CLK_SWCR_SWIEN);
      00020C 72 15 50 C5      [ 1]  533 	bres	20677, #2
                                    534 ;	/home/de4m/.platformio/packages/framework-ststm8spl/Libraries/STM8S_StdPeriph_Driver/src/stm8s_clk.c: 485: break;
      000210 20 04            [ 2]  535 	jra	00112$
                                    536 ;	/home/de4m/.platformio/packages/framework-ststm8spl/Libraries/STM8S_StdPeriph_Driver/src/stm8s_clk.c: 486: case CLK_IT_CSSD: /* Disable the clock security system detection interrupt */
      000212                        537 00106$:
                                    538 ;	/home/de4m/.platformio/packages/framework-ststm8spl/Libraries/STM8S_StdPeriph_Driver/src/stm8s_clk.c: 487: CLK->CSSR &= (uint8_t)(~CLK_CSSR_CSSDIE);
      000212 72 15 50 C8      [ 1]  539 	bres	20680, #2
                                    540 ;	/home/de4m/.platformio/packages/framework-ststm8spl/Libraries/STM8S_StdPeriph_Driver/src/stm8s_clk.c: 491: }
      000216                        541 00112$:
                                    542 ;	/home/de4m/.platformio/packages/framework-ststm8spl/Libraries/STM8S_StdPeriph_Driver/src/stm8s_clk.c: 493: }
      000216 84               [ 1]  543 	pop	a
      000217 81               [ 4]  544 	ret
                                    545 ;	/home/de4m/.platformio/packages/framework-ststm8spl/Libraries/STM8S_StdPeriph_Driver/src/stm8s_clk.c: 500: void CLK_SYSCLKConfig(CLK_Prescaler_TypeDef CLK_Prescaler)
                                    546 ;	-----------------------------------------
                                    547 ;	 function CLK_SYSCLKConfig
                                    548 ;	-----------------------------------------
      000218                        549 _CLK_SYSCLKConfig:
      000218 88               [ 1]  550 	push	a
                                    551 ;	/home/de4m/.platformio/packages/framework-ststm8spl/Libraries/STM8S_StdPeriph_Driver/src/stm8s_clk.c: 507: CLK->CKDIVR &= (uint8_t)(~CLK_CKDIVR_HSIDIV);
      000219 C6 50 C6         [ 1]  552 	ld	a, 0x50c6
                                    553 ;	/home/de4m/.platformio/packages/framework-ststm8spl/Libraries/STM8S_StdPeriph_Driver/src/stm8s_clk.c: 505: if (((uint8_t)CLK_Prescaler & (uint8_t)0x80) == 0x00) /* Bit7 = 0 means HSI divider */
      00021C 0D 04            [ 1]  554 	tnz	(0x04, sp)
      00021E 2B 15            [ 1]  555 	jrmi	00102$
                                    556 ;	/home/de4m/.platformio/packages/framework-ststm8spl/Libraries/STM8S_StdPeriph_Driver/src/stm8s_clk.c: 507: CLK->CKDIVR &= (uint8_t)(~CLK_CKDIVR_HSIDIV);
      000220 A4 E7            [ 1]  557 	and	a, #0xe7
      000222 C7 50 C6         [ 1]  558 	ld	0x50c6, a
                                    559 ;	/home/de4m/.platformio/packages/framework-ststm8spl/Libraries/STM8S_StdPeriph_Driver/src/stm8s_clk.c: 508: CLK->CKDIVR |= (uint8_t)((uint8_t)CLK_Prescaler & (uint8_t)CLK_CKDIVR_HSIDIV);
      000225 C6 50 C6         [ 1]  560 	ld	a, 0x50c6
      000228 6B 01            [ 1]  561 	ld	(0x01, sp), a
      00022A 7B 04            [ 1]  562 	ld	a, (0x04, sp)
      00022C A4 18            [ 1]  563 	and	a, #0x18
      00022E 1A 01            [ 1]  564 	or	a, (0x01, sp)
      000230 C7 50 C6         [ 1]  565 	ld	0x50c6, a
      000233 20 13            [ 2]  566 	jra	00104$
      000235                        567 00102$:
                                    568 ;	/home/de4m/.platformio/packages/framework-ststm8spl/Libraries/STM8S_StdPeriph_Driver/src/stm8s_clk.c: 512: CLK->CKDIVR &= (uint8_t)(~CLK_CKDIVR_CPUDIV);
      000235 A4 F8            [ 1]  569 	and	a, #0xf8
      000237 C7 50 C6         [ 1]  570 	ld	0x50c6, a
                                    571 ;	/home/de4m/.platformio/packages/framework-ststm8spl/Libraries/STM8S_StdPeriph_Driver/src/stm8s_clk.c: 513: CLK->CKDIVR |= (uint8_t)((uint8_t)CLK_Prescaler & (uint8_t)CLK_CKDIVR_CPUDIV);
      00023A C6 50 C6         [ 1]  572 	ld	a, 0x50c6
      00023D 6B 01            [ 1]  573 	ld	(0x01, sp), a
      00023F 7B 04            [ 1]  574 	ld	a, (0x04, sp)
      000241 A4 07            [ 1]  575 	and	a, #0x07
      000243 1A 01            [ 1]  576 	or	a, (0x01, sp)
      000245 C7 50 C6         [ 1]  577 	ld	0x50c6, a
      000248                        578 00104$:
                                    579 ;	/home/de4m/.platformio/packages/framework-ststm8spl/Libraries/STM8S_StdPeriph_Driver/src/stm8s_clk.c: 515: }
      000248 84               [ 1]  580 	pop	a
      000249 81               [ 4]  581 	ret
                                    582 ;	/home/de4m/.platformio/packages/framework-ststm8spl/Libraries/STM8S_StdPeriph_Driver/src/stm8s_clk.c: 523: void CLK_SWIMConfig(CLK_SWIMDivider_TypeDef CLK_SWIMDivider)
                                    583 ;	-----------------------------------------
                                    584 ;	 function CLK_SWIMConfig
                                    585 ;	-----------------------------------------
      00024A                        586 _CLK_SWIMConfig:
                                    587 ;	/home/de4m/.platformio/packages/framework-ststm8spl/Libraries/STM8S_StdPeriph_Driver/src/stm8s_clk.c: 531: CLK->SWIMCCR |= CLK_SWIMCCR_SWIMDIV;
      00024A C6 50 CD         [ 1]  588 	ld	a, 0x50cd
                                    589 ;	/home/de4m/.platformio/packages/framework-ststm8spl/Libraries/STM8S_StdPeriph_Driver/src/stm8s_clk.c: 528: if (CLK_SWIMDivider != CLK_SWIMDIVIDER_2)
      00024D 0D 03            [ 1]  590 	tnz	(0x03, sp)
      00024F 27 06            [ 1]  591 	jreq	00102$
                                    592 ;	/home/de4m/.platformio/packages/framework-ststm8spl/Libraries/STM8S_StdPeriph_Driver/src/stm8s_clk.c: 531: CLK->SWIMCCR |= CLK_SWIMCCR_SWIMDIV;
      000251 AA 01            [ 1]  593 	or	a, #0x01
      000253 C7 50 CD         [ 1]  594 	ld	0x50cd, a
      000256 81               [ 4]  595 	ret
      000257                        596 00102$:
                                    597 ;	/home/de4m/.platformio/packages/framework-ststm8spl/Libraries/STM8S_StdPeriph_Driver/src/stm8s_clk.c: 536: CLK->SWIMCCR &= (uint8_t)(~CLK_SWIMCCR_SWIMDIV);
      000257 A4 FE            [ 1]  598 	and	a, #0xfe
      000259 C7 50 CD         [ 1]  599 	ld	0x50cd, a
                                    600 ;	/home/de4m/.platformio/packages/framework-ststm8spl/Libraries/STM8S_StdPeriph_Driver/src/stm8s_clk.c: 538: }
      00025C 81               [ 4]  601 	ret
                                    602 ;	/home/de4m/.platformio/packages/framework-ststm8spl/Libraries/STM8S_StdPeriph_Driver/src/stm8s_clk.c: 547: void CLK_ClockSecuritySystemEnable(void)
                                    603 ;	-----------------------------------------
                                    604 ;	 function CLK_ClockSecuritySystemEnable
                                    605 ;	-----------------------------------------
      00025D                        606 _CLK_ClockSecuritySystemEnable:
                                    607 ;	/home/de4m/.platformio/packages/framework-ststm8spl/Libraries/STM8S_StdPeriph_Driver/src/stm8s_clk.c: 550: CLK->CSSR |= CLK_CSSR_CSSEN;
      00025D 72 10 50 C8      [ 1]  608 	bset	20680, #0
                                    609 ;	/home/de4m/.platformio/packages/framework-ststm8spl/Libraries/STM8S_StdPeriph_Driver/src/stm8s_clk.c: 551: }
      000261 81               [ 4]  610 	ret
                                    611 ;	/home/de4m/.platformio/packages/framework-ststm8spl/Libraries/STM8S_StdPeriph_Driver/src/stm8s_clk.c: 559: CLK_Source_TypeDef CLK_GetSYSCLKSource(void)
                                    612 ;	-----------------------------------------
                                    613 ;	 function CLK_GetSYSCLKSource
                                    614 ;	-----------------------------------------
      000262                        615 _CLK_GetSYSCLKSource:
                                    616 ;	/home/de4m/.platformio/packages/framework-ststm8spl/Libraries/STM8S_StdPeriph_Driver/src/stm8s_clk.c: 561: return((CLK_Source_TypeDef)CLK->CMSR);
      000262 C6 50 C3         [ 1]  617 	ld	a, 0x50c3
                                    618 ;	/home/de4m/.platformio/packages/framework-ststm8spl/Libraries/STM8S_StdPeriph_Driver/src/stm8s_clk.c: 562: }
      000265 81               [ 4]  619 	ret
                                    620 ;	/home/de4m/.platformio/packages/framework-ststm8spl/Libraries/STM8S_StdPeriph_Driver/src/stm8s_clk.c: 569: uint32_t CLK_GetClockFreq(void)
                                    621 ;	-----------------------------------------
                                    622 ;	 function CLK_GetClockFreq
                                    623 ;	-----------------------------------------
      000266                        624 _CLK_GetClockFreq:
      000266 52 04            [ 2]  625 	sub	sp, #4
                                    626 ;	/home/de4m/.platformio/packages/framework-ststm8spl/Libraries/STM8S_StdPeriph_Driver/src/stm8s_clk.c: 576: clocksource = (CLK_Source_TypeDef)CLK->CMSR;
      000268 C6 50 C3         [ 1]  627 	ld	a, 0x50c3
                                    628 ;	/home/de4m/.platformio/packages/framework-ststm8spl/Libraries/STM8S_StdPeriph_Driver/src/stm8s_clk.c: 578: if (clocksource == CLK_SOURCE_HSI)
      00026B 6B 04            [ 1]  629 	ld	(0x04, sp), a
      00026D A1 E1            [ 1]  630 	cp	a, #0xe1
      00026F 26 26            [ 1]  631 	jrne	00105$
                                    632 ;	/home/de4m/.platformio/packages/framework-ststm8spl/Libraries/STM8S_StdPeriph_Driver/src/stm8s_clk.c: 580: tmp = (uint8_t)(CLK->CKDIVR & CLK_CKDIVR_HSIDIV);
      000271 C6 50 C6         [ 1]  633 	ld	a, 0x50c6
      000274 A4 18            [ 1]  634 	and	a, #0x18
                                    635 ;	/home/de4m/.platformio/packages/framework-ststm8spl/Libraries/STM8S_StdPeriph_Driver/src/stm8s_clk.c: 581: tmp = (uint8_t)(tmp >> 3);
      000276 44               [ 1]  636 	srl	a
      000277 44               [ 1]  637 	srl	a
      000278 44               [ 1]  638 	srl	a
                                    639 ;	/home/de4m/.platformio/packages/framework-ststm8spl/Libraries/STM8S_StdPeriph_Driver/src/stm8s_clk.c: 582: presc = HSIDivFactor[tmp];
      000279 5F               [ 1]  640 	clrw	x
      00027A 97               [ 1]  641 	ld	xl, a
      00027B 1Cr00r00         [ 2]  642 	addw	x, #(_HSIDivFactor + 0)
      00027E F6               [ 1]  643 	ld	a, (x)
                                    644 ;	/home/de4m/.platformio/packages/framework-ststm8spl/Libraries/STM8S_StdPeriph_Driver/src/stm8s_clk.c: 583: clockfrequency = HSI_VALUE / presc;
      00027F 5F               [ 1]  645 	clrw	x
      000280 97               [ 1]  646 	ld	xl, a
      000281 90 5F            [ 1]  647 	clrw	y
      000283 89               [ 2]  648 	pushw	x
      000284 90 89            [ 2]  649 	pushw	y
      000286 4B 00            [ 1]  650 	push	#0x00
      000288 4B 24            [ 1]  651 	push	#0x24
      00028A 4B F4            [ 1]  652 	push	#0xf4
      00028C 4B 00            [ 1]  653 	push	#0x00
      00028E CDr00r00         [ 4]  654 	call	__divulong
      000291 5B 08            [ 2]  655 	addw	sp, #8
      000293 1F 03            [ 2]  656 	ldw	(0x03, sp), x
      000295 20 1A            [ 2]  657 	jra	00106$
      000297                        658 00105$:
                                    659 ;	/home/de4m/.platformio/packages/framework-ststm8spl/Libraries/STM8S_StdPeriph_Driver/src/stm8s_clk.c: 585: else if ( clocksource == CLK_SOURCE_LSI)
      000297 7B 04            [ 1]  660 	ld	a, (0x04, sp)
      000299 A1 D2            [ 1]  661 	cp	a, #0xd2
      00029B 26 0B            [ 1]  662 	jrne	00102$
                                    663 ;	/home/de4m/.platformio/packages/framework-ststm8spl/Libraries/STM8S_StdPeriph_Driver/src/stm8s_clk.c: 587: clockfrequency = LSI_VALUE;
      00029D AE F4 00         [ 2]  664 	ldw	x, #0xf400
      0002A0 1F 03            [ 2]  665 	ldw	(0x03, sp), x
      0002A2 90 AE 00 01      [ 2]  666 	ldw	y, #0x0001
      0002A6 20 09            [ 2]  667 	jra	00106$
      0002A8                        668 00102$:
                                    669 ;	/home/de4m/.platformio/packages/framework-ststm8spl/Libraries/STM8S_StdPeriph_Driver/src/stm8s_clk.c: 591: clockfrequency = HSE_VALUE;
      0002A8 AE 24 00         [ 2]  670 	ldw	x, #0x2400
      0002AB 1F 03            [ 2]  671 	ldw	(0x03, sp), x
      0002AD 90 AE 00 F4      [ 2]  672 	ldw	y, #0x00f4
      0002B1                        673 00106$:
                                    674 ;	/home/de4m/.platformio/packages/framework-ststm8spl/Libraries/STM8S_StdPeriph_Driver/src/stm8s_clk.c: 594: return((uint32_t)clockfrequency);
      0002B1 1E 03            [ 2]  675 	ldw	x, (0x03, sp)
                                    676 ;	/home/de4m/.platformio/packages/framework-ststm8spl/Libraries/STM8S_StdPeriph_Driver/src/stm8s_clk.c: 595: }
      0002B3 5B 04            [ 2]  677 	addw	sp, #4
      0002B5 81               [ 4]  678 	ret
                                    679 ;	/home/de4m/.platformio/packages/framework-ststm8spl/Libraries/STM8S_StdPeriph_Driver/src/stm8s_clk.c: 604: void CLK_AdjustHSICalibrationValue(CLK_HSITrimValue_TypeDef CLK_HSICalibrationValue)
                                    680 ;	-----------------------------------------
                                    681 ;	 function CLK_AdjustHSICalibrationValue
                                    682 ;	-----------------------------------------
      0002B6                        683 _CLK_AdjustHSICalibrationValue:
                                    684 ;	/home/de4m/.platformio/packages/framework-ststm8spl/Libraries/STM8S_StdPeriph_Driver/src/stm8s_clk.c: 610: CLK->HSITRIMR = (uint8_t)( (uint8_t)(CLK->HSITRIMR & (uint8_t)(~CLK_HSITRIMR_HSITRIM))|((uint8_t)CLK_HSICalibrationValue));
      0002B6 C6 50 CC         [ 1]  685 	ld	a, 0x50cc
      0002B9 A4 F8            [ 1]  686 	and	a, #0xf8
      0002BB 1A 03            [ 1]  687 	or	a, (0x03, sp)
      0002BD C7 50 CC         [ 1]  688 	ld	0x50cc, a
                                    689 ;	/home/de4m/.platformio/packages/framework-ststm8spl/Libraries/STM8S_StdPeriph_Driver/src/stm8s_clk.c: 611: }
      0002C0 81               [ 4]  690 	ret
                                    691 ;	/home/de4m/.platformio/packages/framework-ststm8spl/Libraries/STM8S_StdPeriph_Driver/src/stm8s_clk.c: 622: void CLK_SYSCLKEmergencyClear(void)
                                    692 ;	-----------------------------------------
                                    693 ;	 function CLK_SYSCLKEmergencyClear
                                    694 ;	-----------------------------------------
      0002C1                        695 _CLK_SYSCLKEmergencyClear:
                                    696 ;	/home/de4m/.platformio/packages/framework-ststm8spl/Libraries/STM8S_StdPeriph_Driver/src/stm8s_clk.c: 624: CLK->SWCR &= (uint8_t)(~CLK_SWCR_SWBSY);
      0002C1 72 11 50 C5      [ 1]  697 	bres	20677, #0
                                    698 ;	/home/de4m/.platformio/packages/framework-ststm8spl/Libraries/STM8S_StdPeriph_Driver/src/stm8s_clk.c: 625: }
      0002C5 81               [ 4]  699 	ret
                                    700 ;	/home/de4m/.platformio/packages/framework-ststm8spl/Libraries/STM8S_StdPeriph_Driver/src/stm8s_clk.c: 634: FlagStatus CLK_GetFlagStatus(CLK_Flag_TypeDef CLK_FLAG)
                                    701 ;	-----------------------------------------
                                    702 ;	 function CLK_GetFlagStatus
                                    703 ;	-----------------------------------------
      0002C6                        704 _CLK_GetFlagStatus:
      0002C6 88               [ 1]  705 	push	a
                                    706 ;	/home/de4m/.platformio/packages/framework-ststm8spl/Libraries/STM8S_StdPeriph_Driver/src/stm8s_clk.c: 644: statusreg = (uint16_t)((uint16_t)CLK_FLAG & (uint16_t)0xFF00);
      0002C7 4F               [ 1]  707 	clr	a
      0002C8 97               [ 1]  708 	ld	xl, a
      0002C9 7B 04            [ 1]  709 	ld	a, (0x04, sp)
      0002CB 95               [ 1]  710 	ld	xh, a
                                    711 ;	/home/de4m/.platformio/packages/framework-ststm8spl/Libraries/STM8S_StdPeriph_Driver/src/stm8s_clk.c: 647: if (statusreg == 0x0100) /* The flag to check is in ICKRregister */
      0002CC A3 01 00         [ 2]  712 	cpw	x, #0x0100
      0002CF 26 05            [ 1]  713 	jrne	00111$
                                    714 ;	/home/de4m/.platformio/packages/framework-ststm8spl/Libraries/STM8S_StdPeriph_Driver/src/stm8s_clk.c: 649: tmpreg = CLK->ICKR;
      0002D1 C6 50 C0         [ 1]  715 	ld	a, 0x50c0
      0002D4 20 21            [ 2]  716 	jra	00112$
      0002D6                        717 00111$:
                                    718 ;	/home/de4m/.platformio/packages/framework-ststm8spl/Libraries/STM8S_StdPeriph_Driver/src/stm8s_clk.c: 651: else if (statusreg == 0x0200) /* The flag to check is in ECKRregister */
      0002D6 A3 02 00         [ 2]  719 	cpw	x, #0x0200
      0002D9 26 05            [ 1]  720 	jrne	00108$
                                    721 ;	/home/de4m/.platformio/packages/framework-ststm8spl/Libraries/STM8S_StdPeriph_Driver/src/stm8s_clk.c: 653: tmpreg = CLK->ECKR;
      0002DB C6 50 C1         [ 1]  722 	ld	a, 0x50c1
      0002DE 20 17            [ 2]  723 	jra	00112$
      0002E0                        724 00108$:
                                    725 ;	/home/de4m/.platformio/packages/framework-ststm8spl/Libraries/STM8S_StdPeriph_Driver/src/stm8s_clk.c: 655: else if (statusreg == 0x0300) /* The flag to check is in SWIC register */
      0002E0 A3 03 00         [ 2]  726 	cpw	x, #0x0300
      0002E3 26 05            [ 1]  727 	jrne	00105$
                                    728 ;	/home/de4m/.platformio/packages/framework-ststm8spl/Libraries/STM8S_StdPeriph_Driver/src/stm8s_clk.c: 657: tmpreg = CLK->SWCR;
      0002E5 C6 50 C5         [ 1]  729 	ld	a, 0x50c5
      0002E8 20 0D            [ 2]  730 	jra	00112$
      0002EA                        731 00105$:
                                    732 ;	/home/de4m/.platformio/packages/framework-ststm8spl/Libraries/STM8S_StdPeriph_Driver/src/stm8s_clk.c: 659: else if (statusreg == 0x0400) /* The flag to check is in CSS register */
      0002EA A3 04 00         [ 2]  733 	cpw	x, #0x0400
      0002ED 26 05            [ 1]  734 	jrne	00102$
                                    735 ;	/home/de4m/.platformio/packages/framework-ststm8spl/Libraries/STM8S_StdPeriph_Driver/src/stm8s_clk.c: 661: tmpreg = CLK->CSSR;
      0002EF C6 50 C8         [ 1]  736 	ld	a, 0x50c8
      0002F2 20 03            [ 2]  737 	jra	00112$
      0002F4                        738 00102$:
                                    739 ;	/home/de4m/.platformio/packages/framework-ststm8spl/Libraries/STM8S_StdPeriph_Driver/src/stm8s_clk.c: 665: tmpreg = CLK->CCOR;
      0002F4 C6 50 C9         [ 1]  740 	ld	a, 0x50c9
      0002F7                        741 00112$:
                                    742 ;	/home/de4m/.platformio/packages/framework-ststm8spl/Libraries/STM8S_StdPeriph_Driver/src/stm8s_clk.c: 668: if ((tmpreg & (uint8_t)CLK_FLAG) != (uint8_t)RESET)
      0002F7 88               [ 1]  743 	push	a
      0002F8 7B 06            [ 1]  744 	ld	a, (0x06, sp)
      0002FA 6B 02            [ 1]  745 	ld	(0x02, sp), a
      0002FC 84               [ 1]  746 	pop	a
      0002FD 14 01            [ 1]  747 	and	a, (0x01, sp)
      0002FF 27 03            [ 1]  748 	jreq	00114$
                                    749 ;	/home/de4m/.platformio/packages/framework-ststm8spl/Libraries/STM8S_StdPeriph_Driver/src/stm8s_clk.c: 670: bitstatus = SET;
      000301 A6 01            [ 1]  750 	ld	a, #0x01
                                    751 ;	/home/de4m/.platformio/packages/framework-ststm8spl/Libraries/STM8S_StdPeriph_Driver/src/stm8s_clk.c: 674: bitstatus = RESET;
      000303 21                     752 	.byte 0x21
      000304                        753 00114$:
      000304 4F               [ 1]  754 	clr	a
      000305                        755 00115$:
                                    756 ;	/home/de4m/.platformio/packages/framework-ststm8spl/Libraries/STM8S_StdPeriph_Driver/src/stm8s_clk.c: 678: return((FlagStatus)bitstatus);
                                    757 ;	/home/de4m/.platformio/packages/framework-ststm8spl/Libraries/STM8S_StdPeriph_Driver/src/stm8s_clk.c: 679: }
      000305 5B 01            [ 2]  758 	addw	sp, #1
      000307 81               [ 4]  759 	ret
                                    760 ;	/home/de4m/.platformio/packages/framework-ststm8spl/Libraries/STM8S_StdPeriph_Driver/src/stm8s_clk.c: 687: ITStatus CLK_GetITStatus(CLK_IT_TypeDef CLK_IT)
                                    761 ;	-----------------------------------------
                                    762 ;	 function CLK_GetITStatus
                                    763 ;	-----------------------------------------
      000308                        764 _CLK_GetITStatus:
                                    765 ;	/home/de4m/.platformio/packages/framework-ststm8spl/Libraries/STM8S_StdPeriph_Driver/src/stm8s_clk.c: 694: if (CLK_IT == CLK_IT_SWIF)
      000308 7B 03            [ 1]  766 	ld	a, (0x03, sp)
      00030A A1 1C            [ 1]  767 	cp	a, #0x1c
      00030C 26 0D            [ 1]  768 	jrne	00108$
                                    769 ;	/home/de4m/.platformio/packages/framework-ststm8spl/Libraries/STM8S_StdPeriph_Driver/src/stm8s_clk.c: 697: if ((CLK->SWCR & (uint8_t)CLK_IT) == (uint8_t)0x0C)
      00030E C6 50 C5         [ 1]  770 	ld	a, 0x50c5
      000311 14 03            [ 1]  771 	and	a, (0x03, sp)
                                    772 ;	/home/de4m/.platformio/packages/framework-ststm8spl/Libraries/STM8S_StdPeriph_Driver/src/stm8s_clk.c: 699: bitstatus = SET;
      000313 A0 0C            [ 1]  773 	sub	a, #0x0c
      000315 26 02            [ 1]  774 	jrne	00102$
      000317 4C               [ 1]  775 	inc	a
      000318 81               [ 4]  776 	ret
      000319                        777 00102$:
                                    778 ;	/home/de4m/.platformio/packages/framework-ststm8spl/Libraries/STM8S_StdPeriph_Driver/src/stm8s_clk.c: 703: bitstatus = RESET;
      000319 4F               [ 1]  779 	clr	a
      00031A 81               [ 4]  780 	ret
      00031B                        781 00108$:
                                    782 ;	/home/de4m/.platformio/packages/framework-ststm8spl/Libraries/STM8S_StdPeriph_Driver/src/stm8s_clk.c: 709: if ((CLK->CSSR & (uint8_t)CLK_IT) == (uint8_t)0x0C)
      00031B C6 50 C8         [ 1]  783 	ld	a, 0x50c8
      00031E 14 03            [ 1]  784 	and	a, (0x03, sp)
                                    785 ;	/home/de4m/.platformio/packages/framework-ststm8spl/Libraries/STM8S_StdPeriph_Driver/src/stm8s_clk.c: 711: bitstatus = SET;
      000320 A0 0C            [ 1]  786 	sub	a, #0x0c
      000322 26 02            [ 1]  787 	jrne	00105$
      000324 4C               [ 1]  788 	inc	a
      000325 81               [ 4]  789 	ret
      000326                        790 00105$:
                                    791 ;	/home/de4m/.platformio/packages/framework-ststm8spl/Libraries/STM8S_StdPeriph_Driver/src/stm8s_clk.c: 715: bitstatus = RESET;
      000326 4F               [ 1]  792 	clr	a
                                    793 ;	/home/de4m/.platformio/packages/framework-ststm8spl/Libraries/STM8S_StdPeriph_Driver/src/stm8s_clk.c: 720: return bitstatus;
                                    794 ;	/home/de4m/.platformio/packages/framework-ststm8spl/Libraries/STM8S_StdPeriph_Driver/src/stm8s_clk.c: 721: }
      000327 81               [ 4]  795 	ret
                                    796 ;	/home/de4m/.platformio/packages/framework-ststm8spl/Libraries/STM8S_StdPeriph_Driver/src/stm8s_clk.c: 729: void CLK_ClearITPendingBit(CLK_IT_TypeDef CLK_IT)
                                    797 ;	-----------------------------------------
                                    798 ;	 function CLK_ClearITPendingBit
                                    799 ;	-----------------------------------------
      000328                        800 _CLK_ClearITPendingBit:
                                    801 ;	/home/de4m/.platformio/packages/framework-ststm8spl/Libraries/STM8S_StdPeriph_Driver/src/stm8s_clk.c: 734: if (CLK_IT == (uint8_t)CLK_IT_CSSD)
      000328 7B 03            [ 1]  802 	ld	a, (0x03, sp)
      00032A A1 0C            [ 1]  803 	cp	a, #0x0c
      00032C 26 05            [ 1]  804 	jrne	00102$
                                    805 ;	/home/de4m/.platformio/packages/framework-ststm8spl/Libraries/STM8S_StdPeriph_Driver/src/stm8s_clk.c: 737: CLK->CSSR &= (uint8_t)(~CLK_CSSR_CSSD);
      00032E 72 17 50 C8      [ 1]  806 	bres	20680, #3
      000332 81               [ 4]  807 	ret
      000333                        808 00102$:
                                    809 ;	/home/de4m/.platformio/packages/framework-ststm8spl/Libraries/STM8S_StdPeriph_Driver/src/stm8s_clk.c: 742: CLK->SWCR &= (uint8_t)(~CLK_SWCR_SWIF);
      000333 72 17 50 C5      [ 1]  810 	bres	20677, #3
                                    811 ;	/home/de4m/.platformio/packages/framework-ststm8spl/Libraries/STM8S_StdPeriph_Driver/src/stm8s_clk.c: 745: }
      000337 81               [ 4]  812 	ret
                                    813 	.area CODE
                                    814 	.area CONST
      000000                        815 _HSIDivFactor:
      000000 01                     816 	.db #0x01	; 1
      000001 02                     817 	.db #0x02	; 2
      000002 04                     818 	.db #0x04	; 4
      000003 08                     819 	.db #0x08	; 8
      000004                        820 _CLKPrescTable:
      000004 01                     821 	.db #0x01	; 1
      000005 02                     822 	.db #0x02	; 2
      000006 04                     823 	.db #0x04	; 4
      000007 08                     824 	.db #0x08	; 8
      000008 0A                     825 	.db #0x0a	; 10
      000009 10                     826 	.db #0x10	; 16
      00000A 14                     827 	.db #0x14	; 20
      00000B 28                     828 	.db #0x28	; 40
                                    829 	.area INITIALIZER
                                    830 	.area CABS (ABS)
