                                      1 ;--------------------------------------------------------
                                      2 ; File Created by SDCC : free open source ANSI-C Compiler
                                      3 ; Version 3.8.4 #10766 (Linux)
                                      4 ;--------------------------------------------------------
                                      5 	.module stm8s_exti
                                      6 	.optsdcc -mstm8
                                      7 	
                                      8 ;--------------------------------------------------------
                                      9 ; Public variables in this module
                                     10 ;--------------------------------------------------------
                                     11 	.globl _EXTI_DeInit
                                     12 	.globl _EXTI_SetExtIntSensitivity
                                     13 	.globl _EXTI_SetTLISensitivity
                                     14 	.globl _EXTI_GetExtIntSensitivity
                                     15 	.globl _EXTI_GetTLISensitivity
                                     16 ;--------------------------------------------------------
                                     17 ; ram data
                                     18 ;--------------------------------------------------------
                                     19 	.area DATA
                                     20 ;--------------------------------------------------------
                                     21 ; ram data
                                     22 ;--------------------------------------------------------
                                     23 	.area INITIALIZED
                                     24 ;--------------------------------------------------------
                                     25 ; absolute external ram data
                                     26 ;--------------------------------------------------------
                                     27 	.area DABS (ABS)
                                     28 
                                     29 ; default segment ordering for linker
                                     30 	.area HOME
                                     31 	.area GSINIT
                                     32 	.area GSFINAL
                                     33 	.area CONST
                                     34 	.area INITIALIZER
                                     35 	.area CODE
                                     36 
                                     37 ;--------------------------------------------------------
                                     38 ; global & static initialisations
                                     39 ;--------------------------------------------------------
                                     40 	.area HOME
                                     41 	.area GSINIT
                                     42 	.area GSFINAL
                                     43 	.area GSINIT
                                     44 ;--------------------------------------------------------
                                     45 ; Home
                                     46 ;--------------------------------------------------------
                                     47 	.area HOME
                                     48 	.area HOME
                                     49 ;--------------------------------------------------------
                                     50 ; code
                                     51 ;--------------------------------------------------------
                                     52 	.area CODE
                                     53 ;	/home/de4m/.platformio/packages/framework-ststm8spl/Libraries/STM8S_StdPeriph_Driver/src/stm8s_exti.c: 53: void EXTI_DeInit(void)
                                     54 ;	-----------------------------------------
                                     55 ;	 function EXTI_DeInit
                                     56 ;	-----------------------------------------
      000000                         57 _EXTI_DeInit:
                                     58 ;	/home/de4m/.platformio/packages/framework-ststm8spl/Libraries/STM8S_StdPeriph_Driver/src/stm8s_exti.c: 55: EXTI->CR1 = EXTI_CR1_RESET_VALUE;
      000000 35 00 50 A0      [ 1]   59 	mov	0x50a0+0, #0x00
                                     60 ;	/home/de4m/.platformio/packages/framework-ststm8spl/Libraries/STM8S_StdPeriph_Driver/src/stm8s_exti.c: 56: EXTI->CR2 = EXTI_CR2_RESET_VALUE;
      000004 35 00 50 A1      [ 1]   61 	mov	0x50a1+0, #0x00
                                     62 ;	/home/de4m/.platformio/packages/framework-ststm8spl/Libraries/STM8S_StdPeriph_Driver/src/stm8s_exti.c: 57: }
      000008 81               [ 4]   63 	ret
                                     64 ;	/home/de4m/.platformio/packages/framework-ststm8spl/Libraries/STM8S_StdPeriph_Driver/src/stm8s_exti.c: 70: void EXTI_SetExtIntSensitivity(EXTI_Port_TypeDef Port, EXTI_Sensitivity_TypeDef SensitivityValue)
                                     65 ;	-----------------------------------------
                                     66 ;	 function EXTI_SetExtIntSensitivity
                                     67 ;	-----------------------------------------
      000009                         68 _EXTI_SetExtIntSensitivity:
      000009 88               [ 1]   69 	push	a
                                     70 ;	/home/de4m/.platformio/packages/framework-ststm8spl/Libraries/STM8S_StdPeriph_Driver/src/stm8s_exti.c: 77: switch (Port)
      00000A 7B 04            [ 1]   71 	ld	a, (0x04, sp)
      00000C A1 04            [ 1]   72 	cp	a, #0x04
      00000E 23 03            [ 2]   73 	jrule	00115$
      000010 CCr00r97         [ 2]   74 	jp	00108$
      000013                         75 00115$:
                                     76 ;	/home/de4m/.platformio/packages/framework-ststm8spl/Libraries/STM8S_StdPeriph_Driver/src/stm8s_exti.c: 85: EXTI->CR1 |= (uint8_t)((uint8_t)(SensitivityValue) << 2);
      000013 7B 05            [ 1]   77 	ld	a, (0x05, sp)
      000015 90 97            [ 1]   78 	ld	yl, a
                                     79 ;	/home/de4m/.platformio/packages/framework-ststm8spl/Libraries/STM8S_StdPeriph_Driver/src/stm8s_exti.c: 77: switch (Port)
      000017 5F               [ 1]   80 	clrw	x
      000018 7B 04            [ 1]   81 	ld	a, (0x04, sp)
      00001A 97               [ 1]   82 	ld	xl, a
      00001B 58               [ 2]   83 	sllw	x
      00001C DEu00u20         [ 2]   84 	ldw	x, (#00116$, x)
      00001F FC               [ 2]   85 	jp	(x)
      000020                         86 00116$:
      000020r00r2A                   87 	.dw	#00101$
      000022r00r3C                   88 	.dw	#00102$
      000024r00r53                   89 	.dw	#00103$
      000026r00r6C                   90 	.dw	#00104$
      000028r00r87                   91 	.dw	#00105$
                                     92 ;	/home/de4m/.platformio/packages/framework-ststm8spl/Libraries/STM8S_StdPeriph_Driver/src/stm8s_exti.c: 79: case EXTI_PORT_GPIOA:
      00002A                         93 00101$:
                                     94 ;	/home/de4m/.platformio/packages/framework-ststm8spl/Libraries/STM8S_StdPeriph_Driver/src/stm8s_exti.c: 80: EXTI->CR1 &= (uint8_t)(~EXTI_CR1_PAIS);
      00002A C6 50 A0         [ 1]   95 	ld	a, 0x50a0
      00002D A4 FC            [ 1]   96 	and	a, #0xfc
      00002F C7 50 A0         [ 1]   97 	ld	0x50a0, a
                                     98 ;	/home/de4m/.platformio/packages/framework-ststm8spl/Libraries/STM8S_StdPeriph_Driver/src/stm8s_exti.c: 81: EXTI->CR1 |= (uint8_t)(SensitivityValue);
      000032 C6 50 A0         [ 1]   99 	ld	a, 0x50a0
      000035 1A 05            [ 1]  100 	or	a, (0x05, sp)
      000037 C7 50 A0         [ 1]  101 	ld	0x50a0, a
                                    102 ;	/home/de4m/.platformio/packages/framework-ststm8spl/Libraries/STM8S_StdPeriph_Driver/src/stm8s_exti.c: 82: break;
      00003A 20 5B            [ 2]  103 	jra	00108$
                                    104 ;	/home/de4m/.platformio/packages/framework-ststm8spl/Libraries/STM8S_StdPeriph_Driver/src/stm8s_exti.c: 83: case EXTI_PORT_GPIOB:
      00003C                        105 00102$:
                                    106 ;	/home/de4m/.platformio/packages/framework-ststm8spl/Libraries/STM8S_StdPeriph_Driver/src/stm8s_exti.c: 84: EXTI->CR1 &= (uint8_t)(~EXTI_CR1_PBIS);
      00003C C6 50 A0         [ 1]  107 	ld	a, 0x50a0
      00003F A4 F3            [ 1]  108 	and	a, #0xf3
      000041 C7 50 A0         [ 1]  109 	ld	0x50a0, a
                                    110 ;	/home/de4m/.platformio/packages/framework-ststm8spl/Libraries/STM8S_StdPeriph_Driver/src/stm8s_exti.c: 85: EXTI->CR1 |= (uint8_t)((uint8_t)(SensitivityValue) << 2);
      000044 C6 50 A0         [ 1]  111 	ld	a, 0x50a0
      000047 93               [ 1]  112 	ldw	x, y
      000048 58               [ 2]  113 	sllw	x
      000049 58               [ 2]  114 	sllw	x
      00004A 89               [ 2]  115 	pushw	x
      00004B 1A 02            [ 1]  116 	or	a, (2, sp)
      00004D 85               [ 2]  117 	popw	x
      00004E C7 50 A0         [ 1]  118 	ld	0x50a0, a
                                    119 ;	/home/de4m/.platformio/packages/framework-ststm8spl/Libraries/STM8S_StdPeriph_Driver/src/stm8s_exti.c: 86: break;
      000051 20 44            [ 2]  120 	jra	00108$
                                    121 ;	/home/de4m/.platformio/packages/framework-ststm8spl/Libraries/STM8S_StdPeriph_Driver/src/stm8s_exti.c: 87: case EXTI_PORT_GPIOC:
      000053                        122 00103$:
                                    123 ;	/home/de4m/.platformio/packages/framework-ststm8spl/Libraries/STM8S_StdPeriph_Driver/src/stm8s_exti.c: 88: EXTI->CR1 &= (uint8_t)(~EXTI_CR1_PCIS);
      000053 C6 50 A0         [ 1]  124 	ld	a, 0x50a0
      000056 A4 CF            [ 1]  125 	and	a, #0xcf
      000058 C7 50 A0         [ 1]  126 	ld	0x50a0, a
                                    127 ;	/home/de4m/.platformio/packages/framework-ststm8spl/Libraries/STM8S_StdPeriph_Driver/src/stm8s_exti.c: 89: EXTI->CR1 |= (uint8_t)((uint8_t)(SensitivityValue) << 4);
      00005B C6 50 A0         [ 1]  128 	ld	a, 0x50a0
      00005E 6B 01            [ 1]  129 	ld	(0x01, sp), a
      000060 90 9F            [ 1]  130 	ld	a, yl
      000062 4E               [ 1]  131 	swap	a
      000063 A4 F0            [ 1]  132 	and	a, #0xf0
      000065 1A 01            [ 1]  133 	or	a, (0x01, sp)
      000067 C7 50 A0         [ 1]  134 	ld	0x50a0, a
                                    135 ;	/home/de4m/.platformio/packages/framework-ststm8spl/Libraries/STM8S_StdPeriph_Driver/src/stm8s_exti.c: 90: break;
      00006A 20 2B            [ 2]  136 	jra	00108$
                                    137 ;	/home/de4m/.platformio/packages/framework-ststm8spl/Libraries/STM8S_StdPeriph_Driver/src/stm8s_exti.c: 91: case EXTI_PORT_GPIOD:
      00006C                        138 00104$:
                                    139 ;	/home/de4m/.platformio/packages/framework-ststm8spl/Libraries/STM8S_StdPeriph_Driver/src/stm8s_exti.c: 92: EXTI->CR1 &= (uint8_t)(~EXTI_CR1_PDIS);
      00006C C6 50 A0         [ 1]  140 	ld	a, 0x50a0
      00006F A4 3F            [ 1]  141 	and	a, #0x3f
      000071 C7 50 A0         [ 1]  142 	ld	0x50a0, a
                                    143 ;	/home/de4m/.platformio/packages/framework-ststm8spl/Libraries/STM8S_StdPeriph_Driver/src/stm8s_exti.c: 93: EXTI->CR1 |= (uint8_t)((uint8_t)(SensitivityValue) << 6);
      000074 C6 50 A0         [ 1]  144 	ld	a, 0x50a0
      000077 6B 01            [ 1]  145 	ld	(0x01, sp), a
      000079 90 9F            [ 1]  146 	ld	a, yl
      00007B 4E               [ 1]  147 	swap	a
      00007C A4 F0            [ 1]  148 	and	a, #0xf0
      00007E 48               [ 1]  149 	sll	a
      00007F 48               [ 1]  150 	sll	a
      000080 1A 01            [ 1]  151 	or	a, (0x01, sp)
      000082 C7 50 A0         [ 1]  152 	ld	0x50a0, a
                                    153 ;	/home/de4m/.platformio/packages/framework-ststm8spl/Libraries/STM8S_StdPeriph_Driver/src/stm8s_exti.c: 94: break;
      000085 20 10            [ 2]  154 	jra	00108$
                                    155 ;	/home/de4m/.platformio/packages/framework-ststm8spl/Libraries/STM8S_StdPeriph_Driver/src/stm8s_exti.c: 95: case EXTI_PORT_GPIOE:
      000087                        156 00105$:
                                    157 ;	/home/de4m/.platformio/packages/framework-ststm8spl/Libraries/STM8S_StdPeriph_Driver/src/stm8s_exti.c: 96: EXTI->CR2 &= (uint8_t)(~EXTI_CR2_PEIS);
      000087 C6 50 A1         [ 1]  158 	ld	a, 0x50a1
      00008A A4 FC            [ 1]  159 	and	a, #0xfc
      00008C C7 50 A1         [ 1]  160 	ld	0x50a1, a
                                    161 ;	/home/de4m/.platformio/packages/framework-ststm8spl/Libraries/STM8S_StdPeriph_Driver/src/stm8s_exti.c: 97: EXTI->CR2 |= (uint8_t)(SensitivityValue);
      00008F C6 50 A1         [ 1]  162 	ld	a, 0x50a1
      000092 1A 05            [ 1]  163 	or	a, (0x05, sp)
      000094 C7 50 A1         [ 1]  164 	ld	0x50a1, a
                                    165 ;	/home/de4m/.platformio/packages/framework-ststm8spl/Libraries/STM8S_StdPeriph_Driver/src/stm8s_exti.c: 101: }
      000097                        166 00108$:
                                    167 ;	/home/de4m/.platformio/packages/framework-ststm8spl/Libraries/STM8S_StdPeriph_Driver/src/stm8s_exti.c: 102: }
      000097 84               [ 1]  168 	pop	a
      000098 81               [ 4]  169 	ret
                                    170 ;	/home/de4m/.platformio/packages/framework-ststm8spl/Libraries/STM8S_StdPeriph_Driver/src/stm8s_exti.c: 111: void EXTI_SetTLISensitivity(EXTI_TLISensitivity_TypeDef SensitivityValue)
                                    171 ;	-----------------------------------------
                                    172 ;	 function EXTI_SetTLISensitivity
                                    173 ;	-----------------------------------------
      000099                        174 _EXTI_SetTLISensitivity:
                                    175 ;	/home/de4m/.platformio/packages/framework-ststm8spl/Libraries/STM8S_StdPeriph_Driver/src/stm8s_exti.c: 117: EXTI->CR2 &= (uint8_t)(~EXTI_CR2_TLIS);
      000099 C6 50 A1         [ 1]  176 	ld	a, 0x50a1
      00009C A4 FB            [ 1]  177 	and	a, #0xfb
      00009E C7 50 A1         [ 1]  178 	ld	0x50a1, a
                                    179 ;	/home/de4m/.platformio/packages/framework-ststm8spl/Libraries/STM8S_StdPeriph_Driver/src/stm8s_exti.c: 118: EXTI->CR2 |= (uint8_t)(SensitivityValue);
      0000A1 C6 50 A1         [ 1]  180 	ld	a, 0x50a1
      0000A4 1A 03            [ 1]  181 	or	a, (0x03, sp)
      0000A6 C7 50 A1         [ 1]  182 	ld	0x50a1, a
                                    183 ;	/home/de4m/.platformio/packages/framework-ststm8spl/Libraries/STM8S_StdPeriph_Driver/src/stm8s_exti.c: 119: }
      0000A9 81               [ 4]  184 	ret
                                    185 ;	/home/de4m/.platformio/packages/framework-ststm8spl/Libraries/STM8S_StdPeriph_Driver/src/stm8s_exti.c: 126: EXTI_Sensitivity_TypeDef EXTI_GetExtIntSensitivity(EXTI_Port_TypeDef Port)
                                    186 ;	-----------------------------------------
                                    187 ;	 function EXTI_GetExtIntSensitivity
                                    188 ;	-----------------------------------------
      0000AA                        189 _EXTI_GetExtIntSensitivity:
                                    190 ;	/home/de4m/.platformio/packages/framework-ststm8spl/Libraries/STM8S_StdPeriph_Driver/src/stm8s_exti.c: 128: uint8_t value = 0;
      0000AA 4F               [ 1]  191 	clr	a
                                    192 ;	/home/de4m/.platformio/packages/framework-ststm8spl/Libraries/STM8S_StdPeriph_Driver/src/stm8s_exti.c: 133: switch (Port)
      0000AB 88               [ 1]  193 	push	a
      0000AC 7B 04            [ 1]  194 	ld	a, (0x04, sp)
      0000AE A1 04            [ 1]  195 	cp	a, #0x04
      0000B0 84               [ 1]  196 	pop	a
      0000B1 23 01            [ 2]  197 	jrule	00115$
      0000B3 81               [ 4]  198 	ret
      0000B4                        199 00115$:
      0000B4 5F               [ 1]  200 	clrw	x
      0000B5 7B 03            [ 1]  201 	ld	a, (0x03, sp)
      0000B7 97               [ 1]  202 	ld	xl, a
      0000B8 58               [ 2]  203 	sllw	x
      0000B9 DEu00uBD         [ 2]  204 	ldw	x, (#00116$, x)
      0000BC FC               [ 2]  205 	jp	(x)
      0000BD                        206 00116$:
      0000BDr00rC7                  207 	.dw	#00101$
      0000BFr00rCD                  208 	.dw	#00102$
      0000C1r00rD5                  209 	.dw	#00103$
      0000C3r00rDE                  210 	.dw	#00104$
      0000C5r00rE9                  211 	.dw	#00105$
                                    212 ;	/home/de4m/.platformio/packages/framework-ststm8spl/Libraries/STM8S_StdPeriph_Driver/src/stm8s_exti.c: 135: case EXTI_PORT_GPIOA:
      0000C7                        213 00101$:
                                    214 ;	/home/de4m/.platformio/packages/framework-ststm8spl/Libraries/STM8S_StdPeriph_Driver/src/stm8s_exti.c: 136: value = (uint8_t)(EXTI->CR1 & EXTI_CR1_PAIS);
      0000C7 C6 50 A0         [ 1]  215 	ld	a, 0x50a0
      0000CA A4 03            [ 1]  216 	and	a, #0x03
                                    217 ;	/home/de4m/.platformio/packages/framework-ststm8spl/Libraries/STM8S_StdPeriph_Driver/src/stm8s_exti.c: 137: break;
      0000CC 81               [ 4]  218 	ret
                                    219 ;	/home/de4m/.platformio/packages/framework-ststm8spl/Libraries/STM8S_StdPeriph_Driver/src/stm8s_exti.c: 138: case EXTI_PORT_GPIOB:
      0000CD                        220 00102$:
                                    221 ;	/home/de4m/.platformio/packages/framework-ststm8spl/Libraries/STM8S_StdPeriph_Driver/src/stm8s_exti.c: 139: value = (uint8_t)((uint8_t)(EXTI->CR1 & EXTI_CR1_PBIS) >> 2);
      0000CD C6 50 A0         [ 1]  222 	ld	a, 0x50a0
      0000D0 A4 0C            [ 1]  223 	and	a, #0x0c
      0000D2 44               [ 1]  224 	srl	a
      0000D3 44               [ 1]  225 	srl	a
                                    226 ;	/home/de4m/.platformio/packages/framework-ststm8spl/Libraries/STM8S_StdPeriph_Driver/src/stm8s_exti.c: 140: break;
      0000D4 81               [ 4]  227 	ret
                                    228 ;	/home/de4m/.platformio/packages/framework-ststm8spl/Libraries/STM8S_StdPeriph_Driver/src/stm8s_exti.c: 141: case EXTI_PORT_GPIOC:
      0000D5                        229 00103$:
                                    230 ;	/home/de4m/.platformio/packages/framework-ststm8spl/Libraries/STM8S_StdPeriph_Driver/src/stm8s_exti.c: 142: value = (uint8_t)((uint8_t)(EXTI->CR1 & EXTI_CR1_PCIS) >> 4);
      0000D5 C6 50 A0         [ 1]  231 	ld	a, 0x50a0
      0000D8 A4 30            [ 1]  232 	and	a, #0x30
      0000DA 4E               [ 1]  233 	swap	a
      0000DB A4 0F            [ 1]  234 	and	a, #0x0f
                                    235 ;	/home/de4m/.platformio/packages/framework-ststm8spl/Libraries/STM8S_StdPeriph_Driver/src/stm8s_exti.c: 143: break;
      0000DD 81               [ 4]  236 	ret
                                    237 ;	/home/de4m/.platformio/packages/framework-ststm8spl/Libraries/STM8S_StdPeriph_Driver/src/stm8s_exti.c: 144: case EXTI_PORT_GPIOD:
      0000DE                        238 00104$:
                                    239 ;	/home/de4m/.platformio/packages/framework-ststm8spl/Libraries/STM8S_StdPeriph_Driver/src/stm8s_exti.c: 145: value = (uint8_t)((uint8_t)(EXTI->CR1 & EXTI_CR1_PDIS) >> 6);
      0000DE C6 50 A0         [ 1]  240 	ld	a, 0x50a0
      0000E1 A4 C0            [ 1]  241 	and	a, #0xc0
      0000E3 4E               [ 1]  242 	swap	a
      0000E4 A4 0F            [ 1]  243 	and	a, #0x0f
      0000E6 44               [ 1]  244 	srl	a
      0000E7 44               [ 1]  245 	srl	a
                                    246 ;	/home/de4m/.platformio/packages/framework-ststm8spl/Libraries/STM8S_StdPeriph_Driver/src/stm8s_exti.c: 146: break;
      0000E8 81               [ 4]  247 	ret
                                    248 ;	/home/de4m/.platformio/packages/framework-ststm8spl/Libraries/STM8S_StdPeriph_Driver/src/stm8s_exti.c: 147: case EXTI_PORT_GPIOE:
      0000E9                        249 00105$:
                                    250 ;	/home/de4m/.platformio/packages/framework-ststm8spl/Libraries/STM8S_StdPeriph_Driver/src/stm8s_exti.c: 148: value = (uint8_t)(EXTI->CR2 & EXTI_CR2_PEIS);
      0000E9 C6 50 A1         [ 1]  251 	ld	a, 0x50a1
      0000EC A4 03            [ 1]  252 	and	a, #0x03
                                    253 ;	/home/de4m/.platformio/packages/framework-ststm8spl/Libraries/STM8S_StdPeriph_Driver/src/stm8s_exti.c: 152: }
                                    254 ;	/home/de4m/.platformio/packages/framework-ststm8spl/Libraries/STM8S_StdPeriph_Driver/src/stm8s_exti.c: 154: return((EXTI_Sensitivity_TypeDef)value);
                                    255 ;	/home/de4m/.platformio/packages/framework-ststm8spl/Libraries/STM8S_StdPeriph_Driver/src/stm8s_exti.c: 155: }
      0000EE 81               [ 4]  256 	ret
                                    257 ;	/home/de4m/.platformio/packages/framework-ststm8spl/Libraries/STM8S_StdPeriph_Driver/src/stm8s_exti.c: 162: EXTI_TLISensitivity_TypeDef EXTI_GetTLISensitivity(void)
                                    258 ;	-----------------------------------------
                                    259 ;	 function EXTI_GetTLISensitivity
                                    260 ;	-----------------------------------------
      0000EF                        261 _EXTI_GetTLISensitivity:
                                    262 ;	/home/de4m/.platformio/packages/framework-ststm8spl/Libraries/STM8S_StdPeriph_Driver/src/stm8s_exti.c: 167: value = (uint8_t)(EXTI->CR2 & EXTI_CR2_TLIS);
      0000EF C6 50 A1         [ 1]  263 	ld	a, 0x50a1
      0000F2 A4 04            [ 1]  264 	and	a, #0x04
                                    265 ;	/home/de4m/.platformio/packages/framework-ststm8spl/Libraries/STM8S_StdPeriph_Driver/src/stm8s_exti.c: 169: return((EXTI_TLISensitivity_TypeDef)value);
                                    266 ;	/home/de4m/.platformio/packages/framework-ststm8spl/Libraries/STM8S_StdPeriph_Driver/src/stm8s_exti.c: 170: }
      0000F4 81               [ 4]  267 	ret
                                    268 	.area CODE
                                    269 	.area CONST
                                    270 	.area INITIALIZER
                                    271 	.area CABS (ABS)
